#
# A fatal error has been detected by the Java Runtime Environment:
#
#  Internal Error (safepoint.cpp:917), pid=20438, tid=38147
#  fatal error: Illegal threadstate encountered: 4
#
# JRE version: OpenJDK Runtime Environment (11.0.5+10) (build 11.0.5+10-LTS)
# Java VM: OpenJDK 64-Bit Server VM (11.0.5+10-LTS, mixed mode, tiered, compressed oops, g1 gc, bsd-amd64)
# No core dump will be written. Core dumps have been disabled. To enable core dumping, try "ulimit -c unlimited" before starting Java again
#
# If you would like to submit a bug report, please visit:
#   http://bugreport.java.com/bugreport/crash.jsp
# The crash happened outside the Java Virtual Machine in native code.
# See problematic frame for where to report the bug.
#

---------------  S U M M A R Y ------------

Command Line: -Dfile.encoding=UTF-8 -Duser.country=SG -Duser.language=en -Duser.variant seedu.address.Main

Host: MacBookPro15,4 x86_64 1400 MHz, 8 cores, 8G, Darwin 21.2.0
Time: Thu Mar 17 16:15:21 2022 +08 elapsed time: 18 seconds (0d 0h 0m 18s)

---------------  T H R E A D  ---------------

Current thread (0x00007fe242886800):  JavaThread "InvokeLaterDispatcher" daemon [_thread_in_native, id=38147, stack(0x000070000eb59000,0x000070000ec59000)]

Stack: [0x000070000eb59000,0x000070000ec59000],  sp=0x000070000ec57390,  free space=1016k
Native frames: (J=compiled Java code, A=aot compiled Java code, j=interpreted, Vv=VM code, C=native code)
V  [libjvm.dylib+0x75691a]  _ZN7VMError14report_and_dieEiPKcS1_P13__va_list_tagP6ThreadPhPvS7_S1_im+0x5cc
V  [libjvm.dylib+0x756fd8]  _ZN7VMError14report_and_dieEP6ThreadPvPKciS4_S4_P13__va_list_tag+0x4a
V  [libjvm.dylib+0x267882]  _Z12report_fatalPKciS0_z+0xba
V  [libjvm.dylib+0x66ac78]  _ZN20SafepointSynchronize5blockEP10JavaThread+0x172
V  [libjvm.dylib+0x701300]  _ZN10JavaThread44check_safepoint_and_suspend_for_native_transEPS_+0xaa
V  [libjvm.dylib+0x71dd9f]  _ZN21ThreadStateTransition22transition_from_nativeEP10JavaThread15JavaThreadState+0x3f
V  [libjvm.dylib+0x3e063b]  jni_DeleteGlobalRef+0x3e
C  [libglass.dylib+0x8871]  -[GlassRunnable dealloc]+0x31
C  [Foundation+0x80e9b]  -[_NSThreadPerformInfo dealloc]+0x2a
C  [Foundation+0x4dcc7]  -[NSObject(NSThreadPerformAdditions) performSelectorOnMainThread:withObject:waitUntilDone:]+0x7c
j  com.sun.glass.ui.mac.MacApplication._submitForLaterInvocation(Ljava/lang/Runnable;)V+0
j  com.sun.glass.ui.mac.MacApplication.submitForLaterInvocation(Ljava/lang/Runnable;)V+2
j  com.sun.glass.ui.InvokeLaterDispatcher.run()V+82
v  ~StubRoutines::call_stub
V  [libjvm.dylib+0x3a4f66]  _ZN9JavaCalls11call_helperEP9JavaValueRK12methodHandleP17JavaCallArgumentsP6Thread+0x220
V  [libjvm.dylib+0x3a434a]  _ZN9JavaCalls12call_virtualEP9JavaValueP5KlassP6SymbolS5_P17JavaCallArgumentsP6Thread+0x128
V  [libjvm.dylib+0x3a440e]  _ZN9JavaCalls12call_virtualEP9JavaValue6HandleP5KlassP6SymbolS6_P6Thread+0x6a
V  [libjvm.dylib+0x423e43]  _ZL12thread_entryP10JavaThreadP6Thread+0x77
V  [libjvm.dylib+0x6ffc3a]  _ZN10JavaThread17thread_main_innerEv+0x7e
V  [libjvm.dylib+0x6ffa88]  _ZN10JavaThread3runEv+0x1a0
V  [libjvm.dylib+0x6fda22]  _ZN6Thread8call_runEv+0x60
V  [libjvm.dylib+0x5f9de7]  _ZL19thread_native_entryP6Thread+0x138
C  [libsystem_pthread.dylib+0x64f4]  _pthread_start+0x7d
C  [libsystem_pthread.dylib+0x200f]  thread_start+0xf

Java frames: (J=compiled Java code, j=interpreted, Vv=VM code)
j  com.sun.glass.ui.mac.MacApplication._submitForLaterInvocation(Ljava/lang/Runnable;)V+0
j  com.sun.glass.ui.mac.MacApplication.submitForLaterInvocation(Ljava/lang/Runnable;)V+2
j  com.sun.glass.ui.InvokeLaterDispatcher.run()V+82
v  ~StubRoutines::call_stub

---------------  P R O C E S S  ---------------

Threads class SMR info:
_java_thread_list=0x00006000028bfd60, length=16, elements={
0x00007fe23f00b000, 0x00007fe23e82d800, 0x00007fe24182a000, 0x00007fe240826000,
0x00007fe24182c000, 0x00007fe241054000, 0x00007fe23e833000, 0x00007fe241059000,
0x00007fe241055800, 0x00007fe240809000, 0x00007fe241963000, 0x00007fe242886800,
0x00007fe23e9c5000, 0x00007fe23f882000, 0x00007fe23f935000, 0x00007fe23ecfa000
}

Java Threads: ( => current thread )
  0x00007fe23f00b000 JavaThread "main" [_thread_blocked, id=9987, stack(0x000070000d81d000,0x000070000d91d000)]
  0x00007fe23e82d800 JavaThread "Reference Handler" daemon [_thread_blocked, id=13827, stack(0x000070000df32000,0x000070000e032000)]
  0x00007fe24182a000 JavaThread "Finalizer" daemon [_thread_blocked, id=19459, stack(0x000070000e035000,0x000070000e135000)]
  0x00007fe240826000 JavaThread "Signal Dispatcher" daemon [_thread_blocked, id=17411, stack(0x000070000e23e000,0x000070000e33e000)]
  0x00007fe24182c000 JavaThread "C2 CompilerThread0" daemon [_thread_blocked, id=16131, stack(0x000070000e341000,0x000070000e441000)]
  0x00007fe241054000 JavaThread "C1 CompilerThread0" daemon [_thread_blocked, id=16643, stack(0x000070000e444000,0x000070000e544000)]
  0x00007fe23e833000 JavaThread "Sweeper thread" daemon [_thread_blocked, id=43267, stack(0x000070000e547000,0x000070000e647000)]
  0x00007fe241059000 JavaThread "Service Thread" daemon [_thread_blocked, id=43011, stack(0x000070000e64a000,0x000070000e74a000)]
  0x00007fe241055800 JavaThread "Common-Cleaner" daemon [_thread_blocked, id=41731, stack(0x000070000e850000,0x000070000e950000)]
  0x00007fe240809000 JavaThread "JavaFX-Launcher" [_thread_blocked, id=22787, stack(0x000070000e953000,0x000070000ea53000)]
  0x00007fe241963000 JavaThread "QuantumRenderer-0" daemon [_thread_blocked, id=23299, stack(0x000070000ea56000,0x000070000eb56000)]
=>0x00007fe242886800 JavaThread "InvokeLaterDispatcher" daemon [_thread_in_native, id=38147, stack(0x000070000eb59000,0x000070000ec59000)]
  0x00007fe23e9c5000 JavaThread "JavaFX Application Thread" [_thread_in_native, id=259, stack(0x00007ff7b4a29000,0x00007ff7b5229000)]
  0x00007fe23f882000 JavaThread "Thread-3" daemon [_thread_in_native, id=85263, stack(0x000070000ec5c000,0x000070000ecdc000)]
  0x00007fe23f935000 JavaThread "Prism Font Disposer" daemon [_thread_blocked, id=14603, stack(0x000070000f47a000,0x000070000f57a000)]
  0x00007fe23ecfa000 JavaThread "Cleaner-0" daemon [_thread_blocked, id=89611, stack(0x000070000f683000,0x000070000f783000)]

Other Threads:
  0x00007fe24104f000 VMThread "VM Thread" [stack: 0x000070000de2f000,0x000070000df2f000] [id=20227]
  0x00007fe2408e1800 WatcherThread [stack: 0x000070000e74d000,0x000070000e84d000] [id=42499]
  0x00007fe24280e000 GCTaskThread "GC Thread#0" [stack: 0x000070000d920000,0x000070000da20000] [id=21251]
  0x00007fe241961000 GCTaskThread "GC Thread#1" [stack: 0x000070000ee68000,0x000070000ef68000] [id=56763]
  0x00007fe241962000 GCTaskThread "GC Thread#2" [stack: 0x000070000ef6b000,0x000070000f06b000] [id=69907]
  0x00007fe240971000 GCTaskThread "GC Thread#3" [stack: 0x000070000f06e000,0x000070000f16e000] [id=70163]
  0x00007fe241096800 GCTaskThread "GC Thread#4" [stack: 0x000070000f171000,0x000070000f271000] [id=60179]
  0x00007fe241892000 GCTaskThread "GC Thread#5" [stack: 0x000070000f274000,0x000070000f374000] [id=69379]
  0x00007fe242816800 ConcurrentGCThread "G1 Main Marker" [stack: 0x000070000da23000,0x000070000db23000] [id=11779]
  0x00007fe23e80b000 ConcurrentGCThread "G1 Conc#0" [stack: 0x000070000db26000,0x000070000dc26000] [id=20739]
  0x00007fe241098800 ConcurrentGCThread "G1 Conc#1" [stack: 0x000070000f377000,0x000070000f477000] [id=61187]
  0x00007fe24181a000 ConcurrentGCThread "G1 Refine#0" [stack: 0x000070000dc29000,0x000070000dd29000] [id=12803]
  0x00007fe24200c800 ConcurrentGCThread "G1 Young RemSet Sampling" [stack: 0x000070000dd2c000,0x000070000de2c000] [id=13315]

Threads with active compile tasks:

VM state:not at safepoint (normal execution)

VM Mutex/Monitor currently owned by a thread: None

Heap address: 0x0000000780000000, size: 2048 MB, Compressed Oops mode: Zero based, Oop shift amount: 3
Narrow klass base: 0x0000000800000000, Narrow klass shift: 0
Compressed class space size: 1073741824 Address: 0x0000000800000000

Heap:
 garbage-first heap   total 131072K, used 20469K [0x0000000780000000, 0x0000000800000000)
  region size 1024K, 14 young (14336K), 6 survivors (6144K)
 Metaspace       used 31474K, capacity 32713K, committed 32896K, reserved 1077248K
  class space    used 4096K, capacity 4635K, committed 4736K, reserved 1048576K
Heap Regions: E=young(eden), S=young(survivor), O=old, HS=humongous(starts), HC=humongous(continues), CS=collection set, F=free, A=archive, TAMS=top-at-mark-start (previous, next)
|   0|0x0000000780000000, 0x0000000780100000, 0x0000000780100000|100%| O|  |TAMS 0x0000000780100000, 0x0000000780000000| Untracked 
|   1|0x0000000780100000, 0x0000000780200000, 0x0000000780200000|100%| O|  |TAMS 0x0000000780200000, 0x0000000780100000| Untracked 
|   2|0x0000000780200000, 0x0000000780300000, 0x0000000780300000|100%| O|  |TAMS 0x0000000780300000, 0x0000000780200000| Untracked 
|   3|0x0000000780300000, 0x0000000780400000, 0x0000000780400000|100%| O|  |TAMS 0x0000000780400000, 0x0000000780300000| Untracked 
|   4|0x0000000780400000, 0x00000007804fd600, 0x0000000780500000| 98%| O|  |TAMS 0x00000007804e9c00, 0x0000000780400000| Untracked 
|   5|0x0000000780500000, 0x0000000780600000, 0x0000000780600000|100%|HS|  |TAMS 0x0000000780500000, 0x0000000780500000| Complete 
|   6|0x0000000780600000, 0x0000000780700000, 0x0000000780700000|100%|HC|  |TAMS 0x0000000780600000, 0x0000000780600000| Complete 
|   7|0x0000000780700000, 0x0000000780700000, 0x0000000780800000|  0%| F|  |TAMS 0x0000000780700000, 0x0000000780700000| Untracked 
|   8|0x0000000780800000, 0x0000000780800000, 0x0000000780900000|  0%| F|  |TAMS 0x0000000780800000, 0x0000000780800000| Untracked 
|   9|0x0000000780900000, 0x0000000780900000, 0x0000000780a00000|  0%| F|  |TAMS 0x0000000780900000, 0x0000000780900000| Untracked 
|  10|0x0000000780a00000, 0x0000000780a00000, 0x0000000780b00000|  0%| F|  |TAMS 0x0000000780a00000, 0x0000000780a00000| Untracked 
|  11|0x0000000780b00000, 0x0000000780b00000, 0x0000000780c00000|  0%| F|  |TAMS 0x0000000780b00000, 0x0000000780b00000| Untracked 
|  12|0x0000000780c00000, 0x0000000780c00000, 0x0000000780d00000|  0%| F|  |TAMS 0x0000000780c00000, 0x0000000780c00000| Untracked 
|  13|0x0000000780d00000, 0x0000000780d00000, 0x0000000780e00000|  0%| F|  |TAMS 0x0000000780d00000, 0x0000000780d00000| Untracked 
|  14|0x0000000780e00000, 0x0000000780e00000, 0x0000000780f00000|  0%| F|  |TAMS 0x0000000780e00000, 0x0000000780e00000| Untracked 
|  15|0x0000000780f00000, 0x0000000780f00000, 0x0000000781000000|  0%| F|  |TAMS 0x0000000780f00000, 0x0000000780f00000| Untracked 
|  16|0x0000000781000000, 0x0000000781000000, 0x0000000781100000|  0%| F|  |TAMS 0x0000000781000000, 0x0000000781000000| Untracked 
|  17|0x0000000781100000, 0x0000000781100000, 0x0000000781200000|  0%| F|  |TAMS 0x0000000781100000, 0x0000000781100000| Untracked 
|  18|0x0000000781200000, 0x0000000781200000, 0x0000000781300000|  0%| F|  |TAMS 0x0000000781200000, 0x0000000781200000| Untracked 
|  19|0x0000000781300000, 0x0000000781300000, 0x0000000781400000|  0%| F|  |TAMS 0x0000000781300000, 0x0000000781300000| Untracked 
|  20|0x0000000781400000, 0x0000000781400000, 0x0000000781500000|  0%| F|  |TAMS 0x0000000781400000, 0x0000000781400000| Untracked 
|  21|0x0000000781500000, 0x0000000781500000, 0x0000000781600000|  0%| F|  |TAMS 0x0000000781500000, 0x0000000781500000| Untracked 
|  22|0x0000000781600000, 0x0000000781600000, 0x0000000781700000|  0%| F|  |TAMS 0x0000000781600000, 0x0000000781600000| Untracked 
|  23|0x0000000781700000, 0x0000000781700000, 0x0000000781800000|  0%| F|  |TAMS 0x0000000781700000, 0x0000000781700000| Untracked 
|  24|0x0000000781800000, 0x0000000781800000, 0x0000000781900000|  0%| F|  |TAMS 0x0000000781800000, 0x0000000781800000| Untracked 
|  25|0x0000000781900000, 0x0000000781900000, 0x0000000781a00000|  0%| F|  |TAMS 0x0000000781900000, 0x0000000781900000| Untracked 
|  26|0x0000000781a00000, 0x0000000781a00000, 0x0000000781b00000|  0%| F|  |TAMS 0x0000000781a00000, 0x0000000781a00000| Untracked 
|  27|0x0000000781b00000, 0x0000000781b00000, 0x0000000781c00000|  0%| F|  |TAMS 0x0000000781b00000, 0x0000000781b00000| Untracked 
|  28|0x0000000781c00000, 0x0000000781c00000, 0x0000000781d00000|  0%| F|  |TAMS 0x0000000781c00000, 0x0000000781c00000| Untracked 
|  29|0x0000000781d00000, 0x0000000781d00000, 0x0000000781e00000|  0%| F|  |TAMS 0x0000000781d00000, 0x0000000781d00000| Untracked 
|  30|0x0000000781e00000, 0x0000000781e00000, 0x0000000781f00000|  0%| F|  |TAMS 0x0000000781e00000, 0x0000000781e00000| Untracked 
|  31|0x0000000781f00000, 0x0000000781f00000, 0x0000000782000000|  0%| F|  |TAMS 0x0000000781f00000, 0x0000000781f00000| Untracked 
|  32|0x0000000782000000, 0x0000000782000000, 0x0000000782100000|  0%| F|  |TAMS 0x0000000782000000, 0x0000000782000000| Untracked 
|  33|0x0000000782100000, 0x0000000782100000, 0x0000000782200000|  0%| F|  |TAMS 0x0000000782100000, 0x0000000782100000| Untracked 
|  34|0x0000000782200000, 0x0000000782200000, 0x0000000782300000|  0%| F|  |TAMS 0x0000000782200000, 0x0000000782200000| Untracked 
|  35|0x0000000782300000, 0x0000000782300000, 0x0000000782400000|  0%| F|  |TAMS 0x0000000782300000, 0x0000000782300000| Untracked 
|  36|0x0000000782400000, 0x0000000782400000, 0x0000000782500000|  0%| F|  |TAMS 0x0000000782400000, 0x0000000782400000| Untracked 
|  37|0x0000000782500000, 0x0000000782500000, 0x0000000782600000|  0%| F|  |TAMS 0x0000000782500000, 0x0000000782500000| Untracked 
|  38|0x0000000782600000, 0x0000000782600000, 0x0000000782700000|  0%| F|  |TAMS 0x0000000782600000, 0x0000000782600000| Untracked 
|  39|0x0000000782700000, 0x0000000782700000, 0x0000000782800000|  0%| F|  |TAMS 0x0000000782700000, 0x0000000782700000| Untracked 
|  40|0x0000000782800000, 0x0000000782800000, 0x0000000782900000|  0%| F|  |TAMS 0x0000000782800000, 0x0000000782800000| Untracked 
|  41|0x0000000782900000, 0x0000000782900000, 0x0000000782a00000|  0%| F|  |TAMS 0x0000000782900000, 0x0000000782900000| Untracked 
|  42|0x0000000782a00000, 0x0000000782a00000, 0x0000000782b00000|  0%| F|  |TAMS 0x0000000782a00000, 0x0000000782a00000| Untracked 
|  43|0x0000000782b00000, 0x0000000782b00000, 0x0000000782c00000|  0%| F|  |TAMS 0x0000000782b00000, 0x0000000782b00000| Untracked 
|  44|0x0000000782c00000, 0x0000000782c00000, 0x0000000782d00000|  0%| F|  |TAMS 0x0000000782c00000, 0x0000000782c00000| Untracked 
|  45|0x0000000782d00000, 0x0000000782d00000, 0x0000000782e00000|  0%| F|  |TAMS 0x0000000782d00000, 0x0000000782d00000| Untracked 
|  46|0x0000000782e00000, 0x0000000782e00000, 0x0000000782f00000|  0%| F|  |TAMS 0x0000000782e00000, 0x0000000782e00000| Untracked 
|  47|0x0000000782f00000, 0x0000000782f00000, 0x0000000783000000|  0%| F|  |TAMS 0x0000000782f00000, 0x0000000782f00000| Untracked 
|  48|0x0000000783000000, 0x0000000783000000, 0x0000000783100000|  0%| F|  |TAMS 0x0000000783000000, 0x0000000783000000| Untracked 
|  49|0x0000000783100000, 0x0000000783100000, 0x0000000783200000|  0%| F|  |TAMS 0x0000000783100000, 0x0000000783100000| Untracked 
|  50|0x0000000783200000, 0x0000000783200000, 0x0000000783300000|  0%| F|  |TAMS 0x0000000783200000, 0x0000000783200000| Untracked 
|  51|0x0000000783300000, 0x0000000783300000, 0x0000000783400000|  0%| F|  |TAMS 0x0000000783300000, 0x0000000783300000| Untracked 
|  52|0x0000000783400000, 0x0000000783400000, 0x0000000783500000|  0%| F|  |TAMS 0x0000000783400000, 0x0000000783400000| Untracked 
|  53|0x0000000783500000, 0x0000000783500000, 0x0000000783600000|  0%| F|  |TAMS 0x0000000783500000, 0x0000000783500000| Untracked 
|  54|0x0000000783600000, 0x0000000783600000, 0x0000000783700000|  0%| F|  |TAMS 0x0000000783600000, 0x0000000783600000| Untracked 
|  55|0x0000000783700000, 0x0000000783700000, 0x0000000783800000|  0%| F|  |TAMS 0x0000000783700000, 0x0000000783700000| Untracked 
|  56|0x0000000783800000, 0x0000000783800000, 0x0000000783900000|  0%| F|  |TAMS 0x0000000783800000, 0x0000000783800000| Untracked 
|  57|0x0000000783900000, 0x0000000783900000, 0x0000000783a00000|  0%| F|  |TAMS 0x0000000783900000, 0x0000000783900000| Untracked 
|  58|0x0000000783a00000, 0x0000000783a00000, 0x0000000783b00000|  0%| F|  |TAMS 0x0000000783a00000, 0x0000000783a00000| Untracked 
|  59|0x0000000783b00000, 0x0000000783b00000, 0x0000000783c00000|  0%| F|  |TAMS 0x0000000783b00000, 0x0000000783b00000| Untracked 
|  60|0x0000000783c00000, 0x0000000783c00000, 0x0000000783d00000|  0%| F|  |TAMS 0x0000000783c00000, 0x0000000783c00000| Untracked 
|  61|0x0000000783d00000, 0x0000000783d00000, 0x0000000783e00000|  0%| F|  |TAMS 0x0000000783d00000, 0x0000000783d00000| Untracked 
|  62|0x0000000783e00000, 0x0000000783e00000, 0x0000000783f00000|  0%| F|  |TAMS 0x0000000783e00000, 0x0000000783e00000| Untracked 
|  63|0x0000000783f00000, 0x0000000783f00000, 0x0000000784000000|  0%| F|  |TAMS 0x0000000783f00000, 0x0000000783f00000| Untracked 
|  64|0x0000000784000000, 0x0000000784000000, 0x0000000784100000|  0%| F|  |TAMS 0x0000000784000000, 0x0000000784000000| Untracked 
|  65|0x0000000784100000, 0x0000000784100000, 0x0000000784200000|  0%| F|  |TAMS 0x0000000784100000, 0x0000000784100000| Untracked 
|  66|0x0000000784200000, 0x0000000784200000, 0x0000000784300000|  0%| F|  |TAMS 0x0000000784200000, 0x0000000784200000| Untracked 
|  67|0x0000000784300000, 0x0000000784300000, 0x0000000784400000|  0%| F|  |TAMS 0x0000000784300000, 0x0000000784300000| Untracked 
|  68|0x0000000784400000, 0x0000000784400000, 0x0000000784500000|  0%| F|  |TAMS 0x0000000784400000, 0x0000000784400000| Untracked 
|  69|0x0000000784500000, 0x0000000784500000, 0x0000000784600000|  0%| F|  |TAMS 0x0000000784500000, 0x0000000784500000| Untracked 
|  70|0x0000000784600000, 0x0000000784600000, 0x0000000784700000|  0%| F|  |TAMS 0x0000000784600000, 0x0000000784600000| Untracked 
|  71|0x0000000784700000, 0x0000000784700000, 0x0000000784800000|  0%| F|  |TAMS 0x0000000784700000, 0x0000000784700000| Untracked 
|  72|0x0000000784800000, 0x0000000784800000, 0x0000000784900000|  0%| F|  |TAMS 0x0000000784800000, 0x0000000784800000| Untracked 
|  73|0x0000000784900000, 0x0000000784900000, 0x0000000784a00000|  0%| F|  |TAMS 0x0000000784900000, 0x0000000784900000| Untracked 
|  74|0x0000000784a00000, 0x0000000784a00000, 0x0000000784b00000|  0%| F|  |TAMS 0x0000000784a00000, 0x0000000784a00000| Untracked 
|  75|0x0000000784b00000, 0x0000000784b00000, 0x0000000784c00000|  0%| F|  |TAMS 0x0000000784b00000, 0x0000000784b00000| Untracked 
|  76|0x0000000784c00000, 0x0000000784c00000, 0x0000000784d00000|  0%| F|  |TAMS 0x0000000784c00000, 0x0000000784c00000| Untracked 
|  77|0x0000000784d00000, 0x0000000784d00000, 0x0000000784e00000|  0%| F|  |TAMS 0x0000000784d00000, 0x0000000784d00000| Untracked 
|  78|0x0000000784e00000, 0x0000000784e00000, 0x0000000784f00000|  0%| F|  |TAMS 0x0000000784e00000, 0x0000000784e00000| Untracked 
|  79|0x0000000784f00000, 0x0000000785000000, 0x0000000785000000|100%| S|CS|TAMS 0x0000000784f00000, 0x0000000784f00000| Complete 
|  80|0x0000000785000000, 0x0000000785100000, 0x0000000785100000|100%| S|CS|TAMS 0x0000000785000000, 0x0000000785000000| Complete 
|  81|0x0000000785100000, 0x0000000785200000, 0x0000000785200000|100%| S|CS|TAMS 0x0000000785100000, 0x0000000785100000| Complete 
|  82|0x0000000785200000, 0x0000000785300000, 0x0000000785300000|100%| S|CS|TAMS 0x0000000785200000, 0x0000000785200000| Complete 
|  83|0x0000000785300000, 0x0000000785400000, 0x0000000785400000|100%| S|CS|TAMS 0x0000000785300000, 0x0000000785300000| Complete 
|  84|0x0000000785400000, 0x0000000785500000, 0x0000000785500000|100%| S|CS|TAMS 0x0000000785400000, 0x0000000785400000| Complete 
|  85|0x0000000785500000, 0x0000000785500000, 0x0000000785600000|  0%| F|  |TAMS 0x0000000785500000, 0x0000000785500000| Untracked 
|  86|0x0000000785600000, 0x0000000785600000, 0x0000000785700000|  0%| F|  |TAMS 0x0000000785600000, 0x0000000785600000| Untracked 
|  87|0x0000000785700000, 0x0000000785700000, 0x0000000785800000|  0%| F|  |TAMS 0x0000000785700000, 0x0000000785700000| Untracked 
|  88|0x0000000785800000, 0x0000000785800000, 0x0000000785900000|  0%| F|  |TAMS 0x0000000785800000, 0x0000000785800000| Untracked 
|  89|0x0000000785900000, 0x0000000785900000, 0x0000000785a00000|  0%| F|  |TAMS 0x0000000785900000, 0x0000000785900000| Untracked 
|  90|0x0000000785a00000, 0x0000000785a00000, 0x0000000785b00000|  0%| F|  |TAMS 0x0000000785a00000, 0x0000000785a00000| Untracked 
|  91|0x0000000785b00000, 0x0000000785b00000, 0x0000000785c00000|  0%| F|  |TAMS 0x0000000785b00000, 0x0000000785b00000| Untracked 
|  92|0x0000000785c00000, 0x0000000785c00000, 0x0000000785d00000|  0%| F|  |TAMS 0x0000000785c00000, 0x0000000785c00000| Untracked 
|  93|0x0000000785d00000, 0x0000000785d00000, 0x0000000785e00000|  0%| F|  |TAMS 0x0000000785d00000, 0x0000000785d00000| Untracked 
|  94|0x0000000785e00000, 0x0000000785e00000, 0x0000000785f00000|  0%| F|  |TAMS 0x0000000785e00000, 0x0000000785e00000| Untracked 
|  95|0x0000000785f00000, 0x0000000785f00000, 0x0000000786000000|  0%| F|  |TAMS 0x0000000785f00000, 0x0000000785f00000| Untracked 
|  96|0x0000000786000000, 0x0000000786000000, 0x0000000786100000|  0%| F|  |TAMS 0x0000000786000000, 0x0000000786000000| Untracked 
|  97|0x0000000786100000, 0x0000000786100000, 0x0000000786200000|  0%| F|  |TAMS 0x0000000786100000, 0x0000000786100000| Untracked 
|  98|0x0000000786200000, 0x0000000786200000, 0x0000000786300000|  0%| F|  |TAMS 0x0000000786200000, 0x0000000786200000| Untracked 
|  99|0x0000000786300000, 0x0000000786300000, 0x0000000786400000|  0%| F|  |TAMS 0x0000000786300000, 0x0000000786300000| Untracked 
| 100|0x0000000786400000, 0x0000000786400000, 0x0000000786500000|  0%| F|  |TAMS 0x0000000786400000, 0x0000000786400000| Untracked 
| 101|0x0000000786500000, 0x0000000786500000, 0x0000000786600000|  0%| F|  |TAMS 0x0000000786500000, 0x0000000786500000| Untracked 
| 102|0x0000000786600000, 0x0000000786600000, 0x0000000786700000|  0%| F|  |TAMS 0x0000000786600000, 0x0000000786600000| Untracked 
| 103|0x0000000786700000, 0x0000000786700000, 0x0000000786800000|  0%| F|  |TAMS 0x0000000786700000, 0x0000000786700000| Untracked 
| 104|0x0000000786800000, 0x0000000786800000, 0x0000000786900000|  0%| F|  |TAMS 0x0000000786800000, 0x0000000786800000| Untracked 
| 105|0x0000000786900000, 0x0000000786900000, 0x0000000786a00000|  0%| F|  |TAMS 0x0000000786900000, 0x0000000786900000| Untracked 
| 106|0x0000000786a00000, 0x0000000786a00000, 0x0000000786b00000|  0%| F|  |TAMS 0x0000000786a00000, 0x0000000786a00000| Untracked 
| 107|0x0000000786b00000, 0x0000000786b00000, 0x0000000786c00000|  0%| F|  |TAMS 0x0000000786b00000, 0x0000000786b00000| Untracked 
| 108|0x0000000786c00000, 0x0000000786c00000, 0x0000000786d00000|  0%| F|  |TAMS 0x0000000786c00000, 0x0000000786c00000| Untracked 
| 109|0x0000000786d00000, 0x0000000786d00000, 0x0000000786e00000|  0%| F|  |TAMS 0x0000000786d00000, 0x0000000786d00000| Untracked 
| 110|0x0000000786e00000, 0x0000000786e00000, 0x0000000786f00000|  0%| F|  |TAMS 0x0000000786e00000, 0x0000000786e00000| Untracked 
| 111|0x0000000786f00000, 0x0000000786f00000, 0x0000000787000000|  0%| F|  |TAMS 0x0000000786f00000, 0x0000000786f00000| Untracked 
| 112|0x0000000787000000, 0x0000000787000000, 0x0000000787100000|  0%| F|  |TAMS 0x0000000787000000, 0x0000000787000000| Untracked 
| 113|0x0000000787100000, 0x0000000787100000, 0x0000000787200000|  0%| F|  |TAMS 0x0000000787100000, 0x0000000787100000| Untracked 
| 114|0x0000000787200000, 0x0000000787200000, 0x0000000787300000|  0%| F|  |TAMS 0x0000000787200000, 0x0000000787200000| Untracked 
| 115|0x0000000787300000, 0x0000000787300000, 0x0000000787400000|  0%| F|  |TAMS 0x0000000787300000, 0x0000000787300000| Untracked 
| 116|0x0000000787400000, 0x0000000787400000, 0x0000000787500000|  0%| F|  |TAMS 0x0000000787400000, 0x0000000787400000| Untracked 
| 117|0x0000000787500000, 0x0000000787500000, 0x0000000787600000|  0%| F|  |TAMS 0x0000000787500000, 0x0000000787500000| Untracked 
| 118|0x0000000787600000, 0x0000000787600000, 0x0000000787700000|  0%| F|  |TAMS 0x0000000787600000, 0x0000000787600000| Untracked 
| 119|0x0000000787700000, 0x0000000787700000, 0x0000000787800000|  0%| F|  |TAMS 0x0000000787700000, 0x0000000787700000| Untracked 
| 120|0x0000000787800000, 0x0000000787880800, 0x0000000787900000| 50%| E|  |TAMS 0x0000000787800000, 0x0000000787800000| Complete 
| 121|0x0000000787900000, 0x0000000787a00000, 0x0000000787a00000|100%| E|CS|TAMS 0x0000000787900000, 0x0000000787900000| Complete 
| 122|0x0000000787a00000, 0x0000000787b00000, 0x0000000787b00000|100%| E|CS|TAMS 0x0000000787a00000, 0x0000000787a00000| Complete 
| 123|0x0000000787b00000, 0x0000000787c00000, 0x0000000787c00000|100%| E|CS|TAMS 0x0000000787b00000, 0x0000000787b00000| Complete 
| 124|0x0000000787c00000, 0x0000000787d00000, 0x0000000787d00000|100%| E|CS|TAMS 0x0000000787c00000, 0x0000000787c00000| Complete 
| 125|0x0000000787d00000, 0x0000000787e00000, 0x0000000787e00000|100%| E|CS|TAMS 0x0000000787d00000, 0x0000000787d00000| Complete 
| 126|0x0000000787e00000, 0x0000000787f00000, 0x0000000787f00000|100%| E|CS|TAMS 0x0000000787e00000, 0x0000000787e00000| Complete 
| 127|0x0000000787f00000, 0x0000000788000000, 0x0000000788000000|100%| E|CS|TAMS 0x0000000787f00000, 0x0000000787f00000| Complete 

Card table byte_map: [0x000000010b48f000,0x000000010b88f000] _byte_map_base: 0x000000010788f000

Marking Bits (Prev, Next): (CMBitMap*) 0x00007fe23f820e50, (CMBitMap*) 0x00007fe23f820e18
 Prev Bits: [0x00000001265ff000, 0x00000001285ff000)
 Next Bits: [0x00000001245ff000, 0x00000001265ff000)

Polling page: 0x000000010ade6000

Metaspace:

Usage:
  Non-class:     27.42 MB capacity,    26.74 MB ( 98%) used,   556.10 KB (  2%) free+waste,   144.44 KB ( <1%) overhead. 
      Class:      4.53 MB capacity,     4.00 MB ( 88%) used,   465.27 KB ( 10%) free+waste,    73.12 KB (  2%) overhead. 
       Both:     31.95 MB capacity,    30.74 MB ( 96%) used,  1021.38 KB (  3%) free+waste,   217.56 KB ( <1%) overhead. 

Virtual space:
  Non-class space:       28.00 MB reserved,      27.50 MB ( 98%) committed 
      Class space:        1.00 GB reserved,       4.62 MB ( <1%) committed 
             Both:        1.03 GB reserved,      32.12 MB (  3%) committed 

Chunk freelists:
   Non-Class:  30.00 KB
       Class:  5.00 KB
        Both:  35.00 KB

MaxMetaspaceSize: unlimited
CompressedClassSpaceSize: 1.00 GB

CodeHeap 'non-profiled nmethods': size=120032Kb used=1149Kb max_used=1149Kb free=118882Kb
 bounds [0x000000011ccc7000, 0x000000011cf37000, 0x00000001241ff000]
CodeHeap 'profiled nmethods': size=120028Kb used=5466Kb max_used=5466Kb free=114561Kb
 bounds [0x0000000115790000, 0x0000000115cf0000, 0x000000011ccc7000]
CodeHeap 'non-nmethods': size=5700Kb used=1372Kb max_used=1388Kb free=4327Kb
 bounds [0x00000001151ff000, 0x000000011546f000, 0x0000000115790000]
 total_blobs=4251 nmethods=2927 adapters=739
 compilation: enabled
              stopped_count=0, restarted_count=0
 full_count=0

Compilation events (20 events):
Event: 18.236 Thread 0x00007fe241054000 2964       3       com.sun.javafx.event.BasicEventDispatcher::dispatchEvent (44 bytes)
Event: 18.240 Thread 0x00007fe241054000 nmethod 2964 0x0000000115ce4910 code [0x0000000115ce4b00, 0x0000000115ce50c8]
Event: 18.243 Thread 0x00007fe241054000 2965       1       javafx.scene.input.MouseEvent::getScreenX (5 bytes)
Event: 18.243 Thread 0x00007fe241054000 nmethod 2965 0x000000011cde5190 code [0x000000011cde5340, 0x000000011cde5450]
Event: 18.243 Thread 0x00007fe241054000 2966       1       javafx.scene.input.MouseEvent::getScreenY (5 bytes)
Event: 18.243 Thread 0x00007fe241054000 nmethod 2966 0x000000011cde5510 code [0x000000011cde56c0, 0x000000011cde57d0]
Event: 18.243 Thread 0x00007fe241054000 2967       1       javafx.scene.input.MouseEvent::getButton (5 bytes)
Event: 18.243 Thread 0x00007fe241054000 nmethod 2967 0x000000011cde5890 code [0x000000011cde5a40, 0x000000011cde5b50]
Event: 18.243 Thread 0x00007fe241054000 2968       1       javafx.scene.input.MouseEvent::isPrimaryButtonDown (5 bytes)
Event: 18.244 Thread 0x00007fe241054000 nmethod 2968 0x000000011cde5c10 code [0x000000011cde5dc0, 0x000000011cde5ed0]
Event: 18.244 Thread 0x00007fe241054000 2969       1       javafx.scene.input.MouseEvent::isMiddleButtonDown (5 bytes)
Event: 18.244 Thread 0x00007fe241054000 nmethod 2969 0x000000011cde5f90 code [0x000000011cde6140, 0x000000011cde6250]
Event: 18.244 Thread 0x00007fe241054000 2970       1       javafx.scene.input.MouseEvent::isSecondaryButtonDown (5 bytes)
Event: 18.244 Thread 0x00007fe241054000 nmethod 2970 0x000000011cde6310 code [0x000000011cde64c0, 0x000000011cde65d0]
Event: 18.266 Thread 0x00007fe241054000 2971       3       javafx.scene.layout.Region::doPickNodeLocal (30 bytes)
Event: 18.267 Thread 0x00007fe241054000 nmethod 2971 0x0000000115ce5290 code [0x0000000115ce54c0, 0x0000000115ce5be8]
Event: 18.267 Thread 0x00007fe241054000 2972       3       com.sun.javafx.scene.NodeHelper::intersectsBounds (11 bytes)
Event: 18.268 Thread 0x00007fe241054000 nmethod 2972 0x0000000115ce5f10 code [0x0000000115ce60e0, 0x0000000115ce6308]
Event: 18.268 Thread 0x00007fe241054000 2973       3       javafx.scene.Node$1::intersectsBounds (6 bytes)
Event: 18.268 Thread 0x00007fe241054000 nmethod 2973 0x0000000115ce6490 code [0x0000000115ce6640, 0x0000000115ce67e8]

GC Heap History (8 events):
Event: 8.288 GC heap before
{Heap before GC invocations=0 (full 0):
 garbage-first heap   total 131072K, used 23552K [0x0000000780000000, 0x0000000800000000)
  region size 1024K, 24 young (24576K), 0 survivors (0K)
 Metaspace       used 14193K, capacity 14556K, committed 14848K, reserved 1062912K
  class space    used 1380K, capacity 1514K, committed 1536K, reserved 1048576K
}
Event: 8.365 GC heap after
{Heap after GC invocations=1 (full 0):
 garbage-first heap   total 131072K, used 5303K [0x0000000780000000, 0x0000000800000000)
  region size 1024K, 3 young (3072K), 3 survivors (3072K)
 Metaspace       used 14193K, capacity 14556K, committed 14848K, reserved 1062912K
  class space    used 1380K, capacity 1514K, committed 1536K, reserved 1048576K
}
Event: 10.255 GC heap before
{Heap before GC invocations=1 (full 0):
 garbage-first heap   total 131072K, used 24759K [0x0000000780000000, 0x0000000800000000)
  region size 1024K, 22 young (22528K), 3 survivors (3072K)
 Metaspace       used 20354K, capacity 20923K, committed 21248K, reserved 1069056K
  class space    used 2207K, capacity 2435K, committed 2560K, reserved 1048576K
}
Event: 10.328 GC heap after
{Heap after GC invocations=2 (full 0):
 garbage-first heap   total 131072K, used 6390K [0x0000000780000000, 0x0000000800000000)
  region size 1024K, 2 young (2048K), 2 survivors (2048K)
 Metaspace       used 20354K, capacity 20923K, committed 21248K, reserved 1069056K
  class space    used 2207K, capacity 2435K, committed 2560K, reserved 1048576K
}
Event: 10.339 GC heap before
{Heap before GC invocations=2 (full 0):
 garbage-first heap   total 131072K, used 6390K [0x0000000780000000, 0x0000000800000000)
  region size 1024K, 3 young (3072K), 2 survivors (2048K)
 Metaspace       used 20494K, capacity 21019K, committed 21248K, reserved 1069056K
  class space    used 2222K, capacity 2467K, committed 2560K, reserved 1048576K
}
Event: 10.355 GC heap after
{Heap after GC invocations=3 (full 0):
 garbage-first heap   total 131072K, used 6443K [0x0000000780000000, 0x0000000800000000)
  region size 1024K, 2 young (2048K), 2 survivors (2048K)
 Metaspace       used 20494K, capacity 21019K, committed 21248K, reserved 1069056K
  class space    used 2222K, capacity 2467K, committed 2560K, reserved 1048576K
}
Event: 15.671 GC heap before
{Heap before GC invocations=4 (full 0):
 garbage-first heap   total 131072K, used 48427K [0x0000000780000000, 0x0000000800000000)
  region size 1024K, 43 young (44032K), 2 survivors (2048K)
 Metaspace       used 29906K, capacity 31110K, committed 31360K, reserved 1077248K
  class space    used 3922K, capacity 4415K, committed 4480K, reserved 1048576K
}
Event: 15.721 GC heap after
{Heap after GC invocations=5 (full 0):
 garbage-first heap   total 131072K, used 11253K [0x0000000780000000, 0x0000000800000000)
  region size 1024K, 6 young (6144K), 6 survivors (6144K)
 Metaspace       used 29906K, capacity 31110K, committed 31360K, reserved 1077248K
  class space    used 3922K, capacity 4415K, committed 4480K, reserved 1048576K
}

Deoptimization events (20 events):
Event: 15.189 Thread 0x00007fe23e9c5000 Uncommon trap: trap_request=0xffffffbe fr.pc=0x000000011cd503ec relative=0x000000000000078c
Event: 15.189 Thread 0x00007fe23e9c5000 Uncommon trap: reason=profile_predicate action=maybe_recompile pc=0x000000011cd503ec method=java.lang.PublicMethods$MethodList.filter([Ljava/lang/reflect/Method;Ljava/lang/String;[Ljava/lang/Class;Z)Ljava/lang/PublicMethods$MethodList; @ 21 c2
Event: 15.189 Thread 0x00007fe23e9c5000 DEOPT PACKING pc=0x000000011cd503ec sp=0x00007ff7b52201c0
Event: 15.189 Thread 0x00007fe23e9c5000 DEOPT UNPACKING pc=0x00000001152279a5 sp=0x00007ff7b5220178 mode 2
Event: 15.421 Thread 0x00007fe23e9c5000 Uncommon trap: trap_request=0xffffffcc fr.pc=0x000000011cd51a08 relative=0x00000000000002c8
Event: 15.421 Thread 0x00007fe23e9c5000 Uncommon trap: reason=intrinsic_or_type_checked_inlining action=make_not_entrant pc=0x000000011cd51a08 method=java.util.Arrays.copyOf([Ljava/lang/Object;ILjava/lang/Class;)[Ljava/lang/Object; @ 35 c2
Event: 15.421 Thread 0x00007fe23e9c5000 DEOPT PACKING pc=0x000000011cd51a08 sp=0x00007ff7b5221360
Event: 15.421 Thread 0x00007fe23e9c5000 DEOPT UNPACKING pc=0x00000001152279a5 sp=0x00007ff7b52212f0 mode 2
Event: 16.348 Thread 0x00007fe241963000 Uncommon trap: trap_request=0xffffff4d fr.pc=0x000000011cd7cb40 relative=0x0000000000000120
Event: 16.348 Thread 0x00007fe241963000 Uncommon trap: reason=unstable_if action=reinterpret pc=0x000000011cd7cb40 method=java.util.Arrays.equals([Ljava/lang/Object;[Ljava/lang/Object;)Z @ 23 c2
Event: 16.348 Thread 0x00007fe241963000 DEOPT PACKING pc=0x000000011cd7cb40 sp=0x000070000eb53c50
Event: 16.348 Thread 0x00007fe241963000 DEOPT UNPACKING pc=0x00000001152279a5 sp=0x000070000eb53bf8 mode 2
Event: 17.306 Thread 0x00007fe241963000 DEOPT PACKING pc=0x0000000115caa0b2 sp=0x000070000eb54080
Event: 17.306 Thread 0x00007fe241963000 DEOPT UNPACKING pc=0x00000001152277ba sp=0x000070000eb53500 mode 0
Event: 17.307 Thread 0x00007fe241963000 DEOPT PACKING pc=0x0000000115caa0b2 sp=0x000070000eb54080
Event: 17.307 Thread 0x00007fe241963000 DEOPT UNPACKING pc=0x00000001152277ba sp=0x000070000eb53500 mode 0
Event: 17.592 Thread 0x00007fe241963000 DEOPT PACKING pc=0x0000000115caa0b2 sp=0x000070000eb54080
Event: 17.592 Thread 0x00007fe241963000 DEOPT UNPACKING pc=0x00000001152277ba sp=0x000070000eb53500 mode 0
Event: 17.593 Thread 0x00007fe241963000 DEOPT PACKING pc=0x0000000115caa0b2 sp=0x000070000eb54080
Event: 17.593 Thread 0x00007fe241963000 DEOPT UNPACKING pc=0x00000001152277ba sp=0x000070000eb53500 mode 0

Classes redefined (0 events):
No events

Internal exceptions (20 events):
Event: 9.963 Thread 0x00007fe23e9c5000 Exception <a 'java/lang/NoSuchMethodError'{0x00000007870be5d0}: 'java.lang.Object java.lang.invoke.DirectMethodHandle$Holder.invokeStatic(java.lang.Object, java.lang.Object, java.lang.Object, java.lang.Object, int, int, java.lang.Object, java.lang.Object)
Event: 10.114 Thread 0x00007fe23e9c5000 Exception <a 'java/lang/NoSuchMethodError'{0x0000000786e54ee8}: 'java.lang.Object java.lang.invoke.DirectMethodHandle$Holder.invokeSpecial(java.lang.Object, java.lang.Object, java.lang.Object, int, java.lang.Object)'> (0x0000000786e54ee8) thrown at [/corr
Event: 10.117 Thread 0x00007fe23e9c5000 Exception <a 'java/lang/NoSuchMethodError'{0x0000000786e5ee90}: 'java.lang.Object java.lang.invoke.Invokers$Holder.linkToTargetMethod(java.lang.Object, int, java.lang.Object, java.lang.Object)'> (0x0000000786e5ee90) thrown at [/corretto/workspace/corretto
Event: 10.133 Thread 0x00007fe23e9c5000 Exception <a 'java/io/FileNotFoundException'{0x0000000786e78790}> (0x0000000786e78790) thrown at [/corretto/workspace/corretto11-repo/installers/mac/tar/corretto-build/buildRoot/src/src/hotspot/share/prims/jni.cpp, line 615]
Event: 10.366 Thread 0x00007fe23e9c5000 Exception <a 'java/lang/NoSuchMethodError'{0x0000000787f2dbf0}: 'java.lang.Object java.lang.invoke.DirectMethodHandle$Holder.invokeStaticInit(java.lang.Object, java.lang.Object, java.lang.Object, java.lang.Object)'> (0x0000000787f2dbf0) thrown at [/corret
Event: 10.371 Thread 0x00007fe23e9c5000 Exception <a 'java/lang/NullPointerException'{0x0000000787f3aad8}> (0x0000000787f3aad8) thrown at [/corretto/workspace/corretto11-repo/installers/mac/tar/corretto-build/buildRoot/src/src/hotspot/share/interpreter/linkResolver.cpp, line 1358]
Event: 10.371 Thread 0x00007fe23e9c5000 Exception <a 'java/lang/NullPointerException'{0x0000000787f3aad8}> (0x0000000787f3aad8) thrown at [/corretto/workspace/corretto11-repo/installers/mac/tar/corretto-build/buildRoot/src/src/hotspot/share/prims/jvm.cpp, line 1301]
Event: 10.379 Thread 0x00007fe23e9c5000 Exception <a 'java/lang/NoSuchMethodError'{0x0000000787f5a908}: 'void java.lang.invoke.DirectMethodHandle$Holder.invokeSpecial(java.lang.Object, java.lang.Object, java.lang.Object, java.lang.Object, java.lang.Object)'> (0x0000000787f5a908) thrown at [/cor
Event: 10.710 Thread 0x00007fe23e9c5000 Exception <a 'java/lang/NoSuchMethodError'{0x0000000787715ac8}: 'void java.lang.invoke.DirectMethodHandle$Holder.invokeStaticInit(java.lang.Object, java.lang.Object)'> (0x0000000787715ac8) thrown at [/corretto/workspace/corretto11-repo/installers/mac/tar/
Event: 11.289 Thread 0x00007fe23e9c5000 Exception <a 'java/io/FileNotFoundException'{0x000000078711ae38}> (0x000000078711ae38) thrown at [/corretto/workspace/corretto11-repo/installers/mac/tar/corretto-build/buildRoot/src/src/hotspot/share/prims/jni.cpp, line 615]
Event: 11.738 Thread 0x00007fe23e9c5000 Exception <a 'java/io/FileNotFoundException'{0x0000000786e24d28}> (0x0000000786e24d28) thrown at [/corretto/workspace/corretto11-repo/installers/mac/tar/corretto-build/buildRoot/src/src/hotspot/share/prims/jni.cpp, line 615]
Event: 11.809 Thread 0x00007fe23e9c5000 Exception <a 'java/io/FileNotFoundException'{0x0000000786d534a8}> (0x0000000786d534a8) thrown at [/corretto/workspace/corretto11-repo/installers/mac/tar/corretto-build/buildRoot/src/src/hotspot/share/prims/jni.cpp, line 615]
Event: 11.852 Thread 0x00007fe23e9c5000 Exception <a 'java/lang/NoSuchMethodError'{0x0000000786dd29e8}: 'void java.lang.invoke.DirectMethodHandle$Holder.invokeSpecial(java.lang.Object, java.lang.Object, java.lang.Object, java.lang.Object)'> (0x0000000786dd29e8) thrown at [/corretto/workspace/co
Event: 12.096 Thread 0x00007fe23e9c5000 Exception <a 'java/lang/NoSuchMethodError'{0x0000000786911530}: 'java.lang.Object java.lang.invoke.DirectMethodHandle$Holder.invokeInterface(java.lang.Object, java.lang.Object, java.lang.Object)'> (0x0000000786911530) thrown at [/corretto/workspace/corret
Event: 12.096 Thread 0x00007fe23e9c5000 Exception <a 'java/lang/IncompatibleClassChangeError'{0x0000000786914760}: Found class java.lang.Object, but interface was expected> (0x0000000786914760) thrown at [/corretto/workspace/corretto11-repo/installers/mac/tar/corretto-build/buildRoot/src/src/ho
Event: 13.168 Thread 0x00007fe23e9c5000 Exception <a 'java/lang/NoSuchMethodError'{0x0000000786708b98}: 'java.lang.Object java.lang.invoke.Invokers$Holder.linkToTargetMethod(java.lang.Object, int, java.lang.Object)'> (0x0000000786708b98) thrown at [/corretto/workspace/corretto11-repo/installers
Event: 17.214 Thread 0x00007fe241963000 Exception <a 'java/lang/NoSuchMethodError'{0x0000000787afaf20}: 'java.lang.Object java.lang.invoke.DirectMethodHandle$Holder.invokeStaticInit(java.lang.Object, int)'> (0x0000000787afaf20) thrown at [/corretto/workspace/corretto11-repo/installers/mac/tar/c
Event: 17.582 Thread 0x00007fe23e9c5000 Exception <a 'java/lang/NoSuchMethodError'{0x0000000787db7578}: 'long java.lang.invoke.DirectMethodHandle$Holder.invokeStaticInit(java.lang.Object, java.lang.Object, java.lang.Object)'> (0x0000000787db7578) thrown at [/corretto/workspace/corretto11-repo/i
Event: 17.586 Thread 0x00007fe23e9c5000 Exception <a 'java/lang/NoSuchMethodError'{0x0000000787dcfbc0}: 'java.lang.Object java.lang.invoke.DirectMethodHandle$Holder.invokeStatic(java.lang.Object, java.lang.Object, long)'> (0x0000000787dcfbc0) thrown at [/corretto/workspace/corretto11-repo/insta
Event: 17.587 Thread 0x00007fe23e9c5000 Exception <a 'java/lang/NoSuchMethodError'{0x0000000787dd5d38}: 'java.lang.Object java.lang.invoke.Invokers$Holder.linkToTargetMethod(java.lang.Object, long, java.lang.Object)'> (0x0000000787dd5d38) thrown at [/corretto/workspace/corretto11-repo/installer

Events (20 events):
Event: 17.799 loading class com/sun/glass/ui/TouchInputSupport
Event: 17.800 loading class com/sun/glass/ui/TouchInputSupport done
Event: 17.801 loading class com/sun/glass/ui/mac/MacTouchInputSupport
Event: 17.801 loading class com/sun/glass/ui/mac/MacTouchInputSupport done
Event: 17.803 loading class com/sun/glass/ui/GestureSupport
Event: 17.803 loading class com/sun/glass/ui/GestureSupport done
Event: 17.804 loading class com/sun/glass/ui/GestureSupport$GestureState
Event: 17.804 loading class com/sun/glass/ui/GestureSupport$GestureState done
Event: 17.805 loading class com/sun/glass/ui/GestureSupport$GestureState$StateId
Event: 17.805 loading class com/sun/glass/ui/GestureSupport$GestureState$StateId done
Event: 17.805 loading class com/sun/glass/ui/TouchInputSupport
Event: 17.805 loading class com/sun/glass/ui/TouchInputSupport done
Event: 17.805 loading class com/sun/glass/ui/TouchInputSupport
Event: 17.805 loading class com/sun/glass/ui/TouchInputSupport done
Event: 17.806 loading class com/sun/glass/ui/GestureSupport
Event: 17.806 loading class com/sun/glass/ui/GestureSupport done
Event: 17.806 loading class com/sun/glass/ui/TouchInputSupport$TouchCountListener
Event: 17.806 loading class com/sun/glass/ui/TouchInputSupport$TouchCountListener done
Event: 17.807 loading class com/sun/glass/ui/mac/MacTouchInputSupport$TouchPoint
Event: 17.807 loading class com/sun/glass/ui/mac/MacTouchInputSupport$TouchPoint done


Dynamic libraries:
0x000000010adeb000 	/Library/Java/JavaVirtualMachines/amazon-corretto-11.jdk/Contents/Home/lib/jli/libjli.dylib
0x00007ff825c03000 	/System/Library/Frameworks/Cocoa.framework/Versions/A/Cocoa
0x00007ff811a88000 	/System/Library/Frameworks/AppKit.framework/Versions/C/AppKit
0x00007ff814f7e000 	/System/Library/Frameworks/CoreData.framework/Versions/A/CoreData
0x00007ff80fe9f000 	/System/Library/Frameworks/Foundation.framework/Versions/C/Foundation
0x00007ff819d3e000 	/usr/lib/libSystem.B.dylib
0x00007ff812917000 	/System/Library/PrivateFrameworks/UIFoundation.framework/Versions/A/UIFoundation
0x00007ff81fbb4000 	/System/Library/PrivateFrameworks/RemoteViewServices.framework/Versions/A/RemoteViewServices
0x00007ff817fa4000 	/System/Library/PrivateFrameworks/XCTTargetBootstrap.framework/Versions/A/XCTTargetBootstrap
0x00007ff81bb4e000 	/System/Library/PrivateFrameworks/InternationalSupport.framework/Versions/A/InternationalSupport
0x00007ff81bbd8000 	/System/Library/PrivateFrameworks/UserActivity.framework/Versions/A/UserActivity
0x00007ff81af2e000 	/usr/lib/libspindump.dylib
0x00007ff812ba5000 	/System/Library/Frameworks/UniformTypeIdentifiers.framework/Versions/A/UniformTypeIdentifiers
0x00007ff8166e1000 	/usr/lib/libapp_launch_measurement.dylib
0x00007ff81594a000 	/System/Library/PrivateFrameworks/CoreAnalytics.framework/Versions/A/CoreAnalytics
0x00007ff8166e4000 	/System/Library/PrivateFrameworks/CoreAutoLayout.framework/Versions/A/CoreAutoLayout
0x00007ff817904000 	/System/Library/Frameworks/Metal.framework/Versions/A/Metal
0x00007ff81861a000 	/usr/lib/liblangid.dylib
0x00007ff817fa8000 	/System/Library/PrivateFrameworks/CoreSVG.framework/Versions/A/CoreSVG
0x00007ff813f6c000 	/System/Library/PrivateFrameworks/SkyLight.framework/Versions/A/SkyLight
0x00007ff8142ff000 	/System/Library/Frameworks/CoreGraphics.framework/Versions/A/CoreGraphics
0x00007ff820223000 	/System/Library/Frameworks/Accelerate.framework/Versions/A/Accelerate
0x00007ff81a9a9000 	/System/Library/PrivateFrameworks/IconServices.framework/Versions/A/IconServices
0x00007ff8178e9000 	/System/Library/Frameworks/IOSurface.framework/Versions/A/IOSurface
0x00007ff815978000 	/usr/lib/libDiagnosticMessagesClient.dylib
0x00007ff819c5e000 	/usr/lib/libz.1.dylib
0x00007ff823892000 	/System/Library/Frameworks/ApplicationServices.framework/Versions/A/ApplicationServices
0x00007ff817f90000 	/System/Library/PrivateFrameworks/DFRFoundation.framework/Versions/A/DFRFoundation
0x00007ff811379000 	/usr/lib/libicucore.A.dylib
0x00007ff81c873000 	/System/Library/Frameworks/AudioToolbox.framework/Versions/A/AudioToolbox
0x00007ff81bb5a000 	/System/Library/PrivateFrameworks/DataDetectorsCore.framework/Versions/A/DataDetectorsCore
0x00007ff9174b9000 	/System/Library/PrivateFrameworks/TextInput.framework/Versions/A/TextInput
0x00007ff813ef0000 	/usr/lib/libMobileGestalt.dylib
0x00007ff817c98000 	/System/Library/Frameworks/Carbon.framework/Versions/A/Frameworks/HIToolbox.framework/Versions/A/HIToolbox
0x00007ff81610e000 	/System/Library/Frameworks/QuartzCore.framework/Versions/A/QuartzCore
0x00007ff811019000 	/System/Library/Frameworks/Security.framework/Versions/A/Security
0x00007ff81fbec000 	/System/Library/Frameworks/Carbon.framework/Versions/A/Frameworks/SpeechRecognition.framework/Versions/A/SpeechRecognition
0x00007ff816441000 	/System/Library/PrivateFrameworks/CoreUI.framework/Versions/A/CoreUI
0x00007ff8108f1000 	/System/Library/Frameworks/CoreAudio.framework/Versions/A/CoreAudio
0x00007ff815a66000 	/System/Library/Frameworks/DiskArbitration.framework/Versions/A/DiskArbitration
0x00007ff81b315000 	/System/Library/PrivateFrameworks/MultitouchSupport.framework/Versions/A/MultitouchSupport
0x00007ff813eef000 	/usr/lib/libenergytrace.dylib
0x00007ff811974000 	/System/Library/Frameworks/IOKit.framework/Versions/A/IOKit
0x00007ff81ffd8000 	/System/Library/Frameworks/CoreServices.framework/Versions/A/CoreServices
0x00007ff81667b000 	/System/Library/PrivateFrameworks/PerformanceAnalysis.framework/Versions/A/PerformanceAnalysis
0x00007ffa26c84000 	/System/Library/Frameworks/OpenGL.framework/Versions/A/OpenGL
0x00007ff81928f000 	/System/Library/PrivateFrameworks/MobileKeyBag.framework/Versions/A/MobileKeyBag
0x00007ff80ee60000 	/usr/lib/libobjc.A.dylib
0x00007ff8149cb000 	/System/Library/Frameworks/ColorSync.framework/Versions/A/ColorSync
0x00007ff80f019000 	/System/Library/Frameworks/CoreFoundation.framework/Versions/A/CoreFoundation
0x00007ff818221000 	/System/Library/Frameworks/CoreImage.framework/Versions/A/CoreImage
0x00007ff810707000 	/System/Library/Frameworks/CoreText.framework/Versions/A/CoreText
0x00007ff817fd7000 	/System/Library/Frameworks/ImageIO.framework/Versions/A/ImageIO
0x00007ff819d44000 	/System/Library/PrivateFrameworks/SoftLinking.framework/Versions/A/SoftLinking
0x00007ff81672c000 	/usr/lib/libxml2.2.dylib
0x00007ff80ef26000 	/usr/lib/libc++.1.dylib
0x00007ff819fc8000 	/usr/lib/libcompression.dylib
0x00007ff81ba84000 	/System/Library/PrivateFrameworks/TextureIO.framework/Versions/A/TextureIO
0x00007ff81a6bb000 	/usr/lib/libate.dylib
0x00007ff819d39000 	/usr/lib/system/libcache.dylib
0x00007ff819cf5000 	/usr/lib/system/libcommonCrypto.dylib
0x00007ff819d1e000 	/usr/lib/system/libcompiler_rt.dylib
0x00007ff819d14000 	/usr/lib/system/libcopyfile.dylib
0x00007ff80ed5a000 	/usr/lib/system/libcorecrypto.dylib
0x00007ff80ee19000 	/usr/lib/system/libdispatch.dylib
0x00007ff80efd8000 	/usr/lib/system/libdyld.dylib
0x00007ff819d30000 	/usr/lib/system/libkeymgr.dylib
0x00007ff819cd3000 	/usr/lib/system/libmacho.dylib
0x00007ff819363000 	/usr/lib/system/libquarantine.dylib
0x00007ff819d2e000 	/usr/lib/system/libremovefile.dylib
0x00007ff813f3c000 	/usr/lib/system/libsystem_asl.dylib
0x00007ff80ed08000 	/usr/lib/system/libsystem_blocks.dylib
0x00007ff80ee9d000 	/usr/lib/system/libsystem_c.dylib
0x00007ff819d26000 	/usr/lib/system/libsystem_collections.dylib
0x00007ff81860b000 	/usr/lib/system/libsystem_configuration.dylib
0x00007ff8178cc000 	/usr/lib/system/libsystem_containermanager.dylib
0x00007ff819a10000 	/usr/lib/system/libsystem_coreservices.dylib
0x00007ff811602000 	/usr/lib/system/libsystem_darwin.dylib
0x00007ff819d31000 	/usr/lib/system/libsystem_dnssd.dylib
0x00007ff80ee9a000 	/usr/lib/system/libsystem_featureflags.dylib
0x00007ff80efee000 	/usr/lib/system/libsystem_info.dylib
0x00007ff819c71000 	/usr/lib/system/libsystem_m.dylib
0x00007ff80eded000 	/usr/lib/system/libsystem_malloc.dylib
0x00007ff813ed9000 	/usr/lib/system/libsystem_networkextension.dylib
0x00007ff811a2a000 	/usr/lib/system/libsystem_notify.dylib
0x00007ff81fead000 	/usr/lib/system/libsystem_product_info_filter.dylib
0x00007ff81860f000 	/usr/lib/system/libsystem_sandbox.dylib
0x00007ff819d2b000 	/usr/lib/system/libsystem_secinit.dylib
0x00007ff80ef95000 	/usr/lib/system/libsystem_kernel.dylib
0x00007ff80efe4000 	/usr/lib/system/libsystem_platform.dylib
0x00007ff80efcc000 	/usr/lib/system/libsystem_pthread.dylib
0x00007ff815791000 	/usr/lib/system/libsystem_symptoms.dylib
0x00007ff80ed41000 	/usr/lib/system/libsystem_trace.dylib
0x00007ff819d01000 	/usr/lib/system/libunwind.dylib
0x00007ff80ed0a000 	/usr/lib/system/libxpc.dylib
0x00007ff80ef7f000 	/usr/lib/libc++abi.dylib
0x00007ff819d0c000 	/usr/lib/liboah.dylib
0x00007ff81a499000 	/usr/lib/liblzma.5.dylib
0x00007ff80fbb0000 	/System/Library/Frameworks/SystemConfiguration.framework/Versions/A/SystemConfiguration
0x00007ff819d40000 	/usr/lib/libfakelink.dylib
0x00007ff813a42000 	/System/Library/Frameworks/CFNetwork.framework/Versions/A/CFNetwork
0x00007ff819e7f000 	/usr/lib/libarchive.2.dylib
0x00007ff818616000 	/System/Library/PrivateFrameworks/AppleSystemInfo.framework/Versions/A/AppleSystemInfo
0x00007ff81938a000 	/usr/lib/libbsm.0.dylib
0x00007ff813078000 	/usr/lib/libnetwork.dylib
0x00007ff819cd9000 	/usr/lib/system/libkxld.dylib
0x00007ff818fb8000 	/System/Library/PrivateFrameworks/IOMobileFramebuffer.framework/Versions/A/IOMobileFramebuffer
0x00007ffb24a32000 	/usr/lib/libCoreEntitlements.dylib
0x00007ff8199f2000 	/System/Library/PrivateFrameworks/AppleFSCompression.framework/Versions/A/AppleFSCompression
0x00007ff819372000 	/usr/lib/libcoretls.dylib
0x00007ff81a4b3000 	/usr/lib/libcoretls_cfhelpers.dylib
0x00007ff819fc3000 	/usr/lib/libpam.2.dylib
0x00007ff8153b3000 	/usr/lib/libsqlite3.dylib
0x00007ff81a522000 	/usr/lib/libxar.1.dylib
0x00007ff819a02000 	/usr/lib/libbz2.1.0.dylib
0x00007ff819d45000 	/usr/lib/libpcap.A.dylib
0x00007ff815788000 	/usr/lib/libdns_services.dylib
0x00007ff819f92000 	/usr/lib/libapple_nghttp2.dylib
0x00007ff819d7c000 	/usr/lib/libiconv.2.dylib
0x00007ff819cd2000 	/usr/lib/libcharset.1.dylib
0x00007ff8166af000 	/System/Library/Frameworks/CoreServices.framework/Versions/A/Frameworks/FSEvents.framework/Versions/A/FSEvents
0x00007ff81160c000 	/System/Library/Frameworks/CoreServices.framework/Versions/A/Frameworks/CarbonCore.framework/Versions/A/CarbonCore
0x00007ff8159cb000 	/System/Library/Frameworks/CoreServices.framework/Versions/A/Frameworks/Metadata.framework/Versions/A/Metadata
0x00007ff819a15000 	/System/Library/Frameworks/CoreServices.framework/Versions/A/Frameworks/OSServices.framework/Versions/A/OSServices
0x00007ff819f06000 	/System/Library/Frameworks/CoreServices.framework/Versions/A/Frameworks/SearchKit.framework/Versions/A/SearchKit
0x00007ff81571a000 	/System/Library/Frameworks/CoreServices.framework/Versions/A/Frameworks/AE.framework/Versions/A/AE
0x00007ff80f51c000 	/System/Library/Frameworks/CoreServices.framework/Versions/A/Frameworks/LaunchServices.framework/Versions/A/LaunchServices
0x00007ff81a44a000 	/System/Library/Frameworks/CoreServices.framework/Versions/A/Frameworks/DictionaryServices.framework/Versions/A/DictionaryServices
0x00007ff8166bc000 	/System/Library/Frameworks/CoreServices.framework/Versions/A/Frameworks/SharedFileList.framework/Versions/A/SharedFileList
0x00007ff819366000 	/usr/lib/libCheckFix.dylib
0x00007ff813f53000 	/System/Library/PrivateFrameworks/TCC.framework/Versions/A/TCC
0x00007ff81861c000 	/System/Library/PrivateFrameworks/CoreNLP.framework/Versions/A/CoreNLP
0x00007ff81597b000 	/System/Library/PrivateFrameworks/MetadataUtilities.framework/Versions/A/MetadataUtilities
0x00007ff80fc60000 	/usr/lib/libmecabra.dylib
0x00007ff81939a000 	/usr/lib/libmecab.dylib
0x00007ff80fc2b000 	/usr/lib/libCRFSuite.dylib
0x00007ff8193f7000 	/usr/lib/libgermantok.dylib
0x00007ff819f6d000 	/usr/lib/libThaiTokenizer.dylib
0x00007ff815a6d000 	/System/Library/Frameworks/Accelerate.framework/Versions/A/Frameworks/vImage.framework/Versions/A/vImage
0x00007ff81ffaf000 	/System/Library/Frameworks/Accelerate.framework/Versions/A/Frameworks/vecLib.framework/Versions/A/vecLib
0x00007ff81a563000 	/System/Library/Frameworks/Accelerate.framework/Versions/A/Frameworks/vecLib.framework/Versions/A/libvMisc.dylib
0x00007ff818dd6000 	/System/Library/Frameworks/Accelerate.framework/Versions/A/Frameworks/vecLib.framework/Versions/A/libvDSP.dylib
0x00007ff80f894000 	/System/Library/Frameworks/Accelerate.framework/Versions/A/Frameworks/vecLib.framework/Versions/A/libBLAS.dylib
0x00007ff81a0a4000 	/System/Library/Frameworks/Accelerate.framework/Versions/A/Frameworks/vecLib.framework/Versions/A/libLAPACK.dylib
0x00007ff8193fa000 	/System/Library/Frameworks/Accelerate.framework/Versions/A/Frameworks/vecLib.framework/Versions/A/libLinearAlgebra.dylib
0x00007ff819fab000 	/System/Library/Frameworks/Accelerate.framework/Versions/A/Frameworks/vecLib.framework/Versions/A/libSparseBLAS.dylib
0x00007ff81a09e000 	/System/Library/Frameworks/Accelerate.framework/Versions/A/Frameworks/vecLib.framework/Versions/A/libQuadrature.dylib
0x00007ff818706000 	/System/Library/Frameworks/Accelerate.framework/Versions/A/Frameworks/vecLib.framework/Versions/A/libBNNS.dylib
0x00007ff80fb41000 	/System/Library/Frameworks/Accelerate.framework/Versions/A/Frameworks/vecLib.framework/Versions/A/libSparse.dylib
0x00007ff8186ff000 	/System/Library/PrivateFrameworks/LinguisticData.framework/Versions/A/LinguisticData
0x00007ff80faf6000 	/System/Library/PrivateFrameworks/Lexicon.framework/Versions/A/Lexicon
0x00007ff81a55c000 	/usr/lib/libChineseTokenizer.dylib
0x00007ff81025a000 	/System/Library/PrivateFrameworks/LanguageModeling.framework/Versions/A/LanguageModeling
0x00007ff819f6f000 	/System/Library/PrivateFrameworks/AppleSauce.framework/Versions/A/AppleSauce
0x00007ff818fa6000 	/System/Library/PrivateFrameworks/CoreEmoji.framework/Versions/A/CoreEmoji
0x00007ff819e6e000 	/usr/lib/libcmph.dylib
0x00007ff816693000 	/System/Library/Frameworks/OpenDirectory.framework/Versions/A/Frameworks/CFOpenDirectory.framework/Versions/A/CFOpenDirectory
0x00007ff816687000 	/System/Library/Frameworks/OpenDirectory.framework/Versions/A/OpenDirectory
0x00007ff81a4b5000 	/System/Library/PrivateFrameworks/APFS.framework/Versions/A/APFS
0x00007ff8192c7000 	/System/Library/Frameworks/SecurityFoundation.framework/Versions/A/SecurityFoundation
0x00007ff81a530000 	/usr/lib/libutil.dylib
0x00007ff811937000 	/System/Library/PrivateFrameworks/CoreServicesStore.framework/Versions/A/CoreServicesStore
0x00007ff81a534000 	/usr/lib/libxslt.1.dylib
0x00007ff819354000 	/System/Library/PrivateFrameworks/BackgroundTaskManagement.framework/Versions/A/BackgroundTaskManagement
0x00007ff81b9a4000 	/System/Library/Frameworks/ImageIO.framework/Versions/A/Resources/libRadiance.dylib
0x00007ff81b9ad000 	/System/Library/Frameworks/ImageIO.framework/Versions/A/Resources/libJPEG.dylib
0x00007ff81b8fd000 	/System/Library/Frameworks/ImageIO.framework/Versions/A/Resources/libPng.dylib
0x00007ff81b91e000 	/System/Library/Frameworks/ImageIO.framework/Versions/A/Resources/libTIFF.dylib
0x00007ff81ba0d000 	/System/Library/Frameworks/ImageIO.framework/Versions/A/Resources/libGIF.dylib
0x00007ff81b22e000 	/System/Library/Frameworks/ImageIO.framework/Versions/A/Resources/libJP2.dylib
0x00007ff81a970000 	/usr/lib/libexpat.1.dylib
0x00007ff81b1e3000 	/System/Library/PrivateFrameworks/AppleJPEG.framework/Versions/A/AppleJPEG
0x00007ff817b5f000 	/System/Library/PrivateFrameworks/FontServices.framework/libFontParser.dylib
0x00007ff8156c4000 	/System/Library/PrivateFrameworks/RunningBoardServices.framework/Versions/A/RunningBoardServices
0x00007ff82617d000 	/System/Library/PrivateFrameworks/IOSurfaceAccelerator.framework/Versions/A/IOSurfaceAccelerator
0x00007ff81b311000 	/System/Library/PrivateFrameworks/WatchdogClient.framework/Versions/A/WatchdogClient
0x00007ff810349000 	/System/Library/Frameworks/CoreDisplay.framework/Versions/A/CoreDisplay
0x00007ff817a5e000 	/System/Library/Frameworks/CoreMedia.framework/Versions/A/CoreMedia
0x00007ff8178fb000 	/System/Library/PrivateFrameworks/IOAccelerator.framework/Versions/A/IOAccelerator
0x00007ff81680f000 	/System/Library/Frameworks/CoreVideo.framework/Versions/A/CoreVideo
0x00007ff819fc1000 	/System/Library/Frameworks/MetalPerformanceShaders.framework/Versions/A/MetalPerformanceShaders
0x00007ff81b34c000 	/System/Library/Frameworks/VideoToolbox.framework/Versions/A/VideoToolbox
0x00007ff81560c000 	/System/Library/PrivateFrameworks/BaseBoard.framework/Versions/A/BaseBoard
0x00007ff815399000 	/System/Library/PrivateFrameworks/ProtocolBuffer.framework/Versions/A/ProtocolBuffer
0x00007ff81b99d000 	/System/Library/PrivateFrameworks/GPUWrangler.framework/Versions/A/GPUWrangler
0x00007ff81b980000 	/System/Library/PrivateFrameworks/IOPresentment.framework/Versions/A/IOPresentment
0x00007ff81b9a7000 	/System/Library/PrivateFrameworks/DSExternalDisplay.framework/Versions/A/DSExternalDisplay
0x00007ffa26c78000 	/System/Library/Frameworks/OpenGL.framework/Versions/A/Libraries/libCoreFSCache.dylib
0x00007ffb12d1c000 	/System/Library/PrivateFrameworks/GPUCompiler.framework/Versions/31001/Libraries/libGPUCompilerUtils.dylib
0x00007ff81ba12000 	/System/Library/PrivateFrameworks/CMCaptureCore.framework/Versions/A/CMCaptureCore
0x00007ff81af1c000 	/System/Library/PrivateFrameworks/AppServerSupport.framework/Versions/A/AppServerSupport
0x00007ff81d0f9000 	/System/Library/PrivateFrameworks/perfdata.framework/Versions/A/perfdata
0x00007ff810475000 	/System/Library/PrivateFrameworks/AudioToolboxCore.framework/Versions/A/AudioToolboxCore
0x00007ff817a3b000 	/System/Library/PrivateFrameworks/caulk.framework/Versions/A/caulk
0x00007ff81ca1d000 	/usr/lib/libAudioStatistics.dylib
0x00007ff913d4a000 	/System/Library/PrivateFrameworks/SystemPolicy.framework/Versions/A/SystemPolicy
0x00007ff81cc72000 	/usr/lib/libSMC.dylib
0x00007ff825ab6000 	/System/Library/Frameworks/CoreMIDI.framework/Versions/A/CoreMIDI
0x00007ff81b8cd000 	/usr/lib/libAudioToolboxUtility.dylib
0x00007ff91015c000 	/System/Library/PrivateFrameworks/OSAServicesClient.framework/Versions/A/OSAServicesClient
0x00007ff81d106000 	/usr/lib/libperfcheck.dylib
0x00007ff9147dc000 	/usr/lib/libmis.dylib
0x00007ffa26cd4000 	/System/Library/Frameworks/OpenGL.framework/Versions/A/Libraries/libGLU.dylib
0x00007ffa26c97000 	/System/Library/Frameworks/OpenGL.framework/Versions/A/Libraries/libGFXShared.dylib
0x00007ffa26ea5000 	/System/Library/Frameworks/OpenGL.framework/Versions/A/Libraries/libGL.dylib
0x00007ffa26ca0000 	/System/Library/Frameworks/OpenGL.framework/Versions/A/Libraries/libGLImage.dylib
0x00007ffa26c94000 	/System/Library/Frameworks/OpenGL.framework/Versions/A/Libraries/libCVMSPluginSupport.dylib
0x00007ffa26c7f000 	/System/Library/Frameworks/OpenGL.framework/Versions/A/Libraries/libCoreVMClient.dylib
0x00007ff81859a000 	/System/Library/Frameworks/MetalPerformanceShaders.framework/Versions/A/Frameworks/MPSCore.framework/Versions/A/MPSCore
0x00007ff81995d000 	/System/Library/Frameworks/MetalPerformanceShaders.framework/Versions/A/Frameworks/MPSImage.framework/Versions/A/MPSImage
0x00007ff819410000 	/System/Library/Frameworks/MetalPerformanceShaders.framework/Versions/A/Frameworks/MPSNeuralNetwork.framework/Versions/A/MPSNeuralNetwork
0x00007ff819885000 	/System/Library/Frameworks/MetalPerformanceShaders.framework/Versions/A/Frameworks/MPSMatrix.framework/Versions/A/MPSMatrix
0x00007ff819641000 	/System/Library/Frameworks/MetalPerformanceShaders.framework/Versions/A/Frameworks/MPSRayIntersector.framework/Versions/A/MPSRayIntersector
0x00007ff8198be000 	/System/Library/Frameworks/MetalPerformanceShaders.framework/Versions/A/Frameworks/MPSNDArray.framework/Versions/A/MPSNDArray
0x00007ffa2b896000 	/System/Library/Frameworks/MetalPerformanceShaders.framework/Versions/A/Frameworks/MPSFunctions.framework/Versions/A/MPSFunctions
0x00007ff80f777000 	/System/Library/PrivateFrameworks/MetalTools.framework/Versions/A/MetalTools
0x00007ff818614000 	/System/Library/PrivateFrameworks/AggregateDictionary.framework/Versions/A/AggregateDictionary
0x00007ff81a752000 	/usr/lib/libIOReport.dylib
0x00007ffa282b4000 	/System/Library/Frameworks/OpenCL.framework/Versions/A/OpenCL
0x00007ff81aab6000 	/System/Library/PrivateFrameworks/FaceCore.framework/Versions/A/FaceCore
0x00007ff81aaa7000 	/System/Library/PrivateFrameworks/GraphVisualizer.framework/Versions/A/GraphVisualizer
0x00007ffb12c27000 	/System/Library/PrivateFrameworks/FontServices.framework/Versions/A/FontServices
0x00007ff81aed3000 	/System/Library/PrivateFrameworks/OTSVG.framework/Versions/A/OTSVG
0x00007ff8163f7000 	/System/Library/Frameworks/ApplicationServices.framework/Versions/A/Frameworks/ATS.framework/Versions/A/Resources/libFontRegistry.dylib
0x00007ff81af24000 	/System/Library/PrivateFrameworks/FontServices.framework/libhvf.dylib
0x00007ffb12c28000 	/System/Library/PrivateFrameworks/FontServices.framework/libXTFontStaticRegistryData.dylib
0x00007ff81a920000 	/System/Library/PrivateFrameworks/AppleVA.framework/Versions/A/AppleVA
0x00007ff81ca41000 	/System/Library/Frameworks/ApplicationServices.framework/Versions/A/Frameworks/ATS.framework/Versions/A/ATS
0x00007ff814ac7000 	/System/Library/Frameworks/ApplicationServices.framework/Versions/A/Frameworks/HIServices.framework/Versions/A/HIServices
0x00007ff81ba1c000 	/System/Library/Frameworks/ApplicationServices.framework/Versions/A/Frameworks/PrintCore.framework/Versions/A/PrintCore
0x00007ff81cdc5000 	/System/Library/Frameworks/ApplicationServices.framework/Versions/A/Frameworks/QD.framework/Versions/A/QD
0x00007ff81cdbd000 	/System/Library/Frameworks/ApplicationServices.framework/Versions/A/Frameworks/ColorSyncLegacy.framework/Versions/A/ColorSyncLegacy
0x00007ff81ca31000 	/System/Library/Frameworks/ApplicationServices.framework/Versions/A/Frameworks/SpeechSynthesis.framework/Versions/A/SpeechSynthesis
0x00007ff81b9dd000 	/System/Library/Frameworks/ApplicationServices.framework/Versions/A/Frameworks/ATSUI.framework/Versions/A/ATSUI
0x00007ff81cd52000 	/usr/lib/libcups.2.dylib
0x00007ff81d115000 	/System/Library/Frameworks/Kerberos.framework/Versions/A/Kerberos
0x00007ff81d124000 	/System/Library/Frameworks/GSS.framework/Versions/A/GSS
0x00007ff81caad000 	/usr/lib/libresolv.9.dylib
0x00007ff81af33000 	/System/Library/PrivateFrameworks/Heimdal.framework/Versions/A/Heimdal
0x00007ff823c0d000 	/System/Library/Frameworks/Kerberos.framework/Versions/A/Libraries/libHeimdalProxy.dylib
0x00007ff815799000 	/System/Library/Frameworks/Network.framework/Versions/A/Network
0x00007ff81a98a000 	/usr/lib/libheimdal-asn1.dylib
0x00007ff81d170000 	/System/Library/PrivateFrameworks/CommonAuth.framework/Versions/A/CommonAuth
0x00007ff81c9ae000 	/System/Library/PrivateFrameworks/AudioSession.framework/Versions/A/AudioSession
0x00007ff81aa1a000 	/System/Library/PrivateFrameworks/MediaExperience.framework/Versions/A/MediaExperience
0x00007ff81c842000 	/System/Library/PrivateFrameworks/AudioSession.framework/libSessionUtility.dylib
0x00007ff81cdd1000 	/System/Library/PrivateFrameworks/AudioResourceArbitration.framework/Versions/A/AudioResourceArbitration
0x00007ff820dc2000 	/System/Library/PrivateFrameworks/PowerLog.framework/Versions/A/PowerLog
0x00007ff81a993000 	/System/Library/PrivateFrameworks/IconFoundation.framework/Versions/A/IconFoundation
0x00007ff81fbdc000 	/System/Library/PrivateFrameworks/SpeechRecognitionCore.framework/Versions/A/SpeechRecognitionCore
0x000000010bb19000 	/Library/Java/JavaVirtualMachines/amazon-corretto-11.jdk/Contents/Home/lib/server/libjvm.dylib
0x000000010ae1f000 	/Library/Java/JavaVirtualMachines/amazon-corretto-11.jdk/Contents/Home/lib/libverify.dylib
0x000000010ae52000 	/Library/Java/JavaVirtualMachines/amazon-corretto-11.jdk/Contents/Home/lib/libjava.dylib
0x000000010ae33000 	/Library/Java/JavaVirtualMachines/amazon-corretto-11.jdk/Contents/Home/lib/libzip.dylib
0x000000010ae3b000 	/Library/Java/JavaVirtualMachines/amazon-corretto-11.jdk/Contents/Home/lib/libjimage.dylib
0x000000010b92e000 	/Library/Java/JavaVirtualMachines/amazon-corretto-11.jdk/Contents/Home/lib/libnio.dylib
0x000000010b951000 	/Library/Java/JavaVirtualMachines/amazon-corretto-11.jdk/Contents/Home/lib/libnet.dylib
0x000000010b93c000 	/Users/dalin/.openjfx/cache/11/libprism_es2.dylib
0x00007ff8118f8000 	/System/Library/PrivateFrameworks/CoreServicesInternal.framework/Versions/A/CoreServicesInternal
0x00007ffa26eb0000 	/System/Library/Frameworks/OpenGL.framework/Versions/A/Resources/GLEngine.bundle/GLEngine
0x00007ffa26d12000 	/System/Library/Frameworks/OpenGL.framework/Versions/A/Libraries/libGLProgrammability.dylib
0x00007ffa1b0db000 	/System/Library/Extensions/AppleIntelKBLGraphicsGLDriver.bundle/Contents/MacOS/AppleIntelKBLGraphicsGLDriver
0x00007ff91e6a5000 	/System/Library/PrivateFrameworks/GPUSupport.framework/Versions/A/Libraries/libGPUSupportMercury.dylib
0x00007ffa2703f000 	/System/Library/Frameworks/OpenGL.framework/Versions/A/Resources/GLRendererFloat.bundle/GLRendererFloat
0x000000012cb04000 	/Users/dalin/.openjfx/cache/11/libglass.dylib
0x00007ff8213b3000 	/System/Library/Frameworks/FileProvider.framework/Versions/A/FileProvider
0x00007ff815578000 	/System/Library/Frameworks/Accounts.framework/Versions/A/Accounts
0x00007ff82152a000 	/System/Library/PrivateFrameworks/GenerationalStorage.framework/Versions/A/GenerationalStorage
0x00007ff82203c000 	/System/Library/PrivateFrameworks/CoreSymbolication.framework/Versions/A/CoreSymbolication
0x00007ff820db7000 	/System/Library/PrivateFrameworks/SymptomDiagnosticReporter.framework/Versions/A/SymptomDiagnosticReporter
0x00007ff812bb9000 	/System/Library/PrivateFrameworks/DesktopServicesPriv.framework/Versions/A/DesktopServicesPriv
0x00007ff811a39000 	/usr/lib/libsandbox.1.dylib
0x00007ff81688e000 	/System/Library/PrivateFrameworks/UserManagement.framework/Versions/A/UserManagement
0x00007ff822001000 	/System/Library/PrivateFrameworks/DebugSymbols.framework/Versions/A/DebugSymbols
0x00007ff81cdb2000 	/System/Library/PrivateFrameworks/NetAuth.framework/Versions/A/NetAuth
0x00007ff81dca0000 	/System/Library/PrivateFrameworks/Sharing.framework/Versions/A/Sharing
0x00007ff816861000 	/System/Library/PrivateFrameworks/login.framework/Versions/A/Frameworks/loginsupport.framework/Versions/A/loginsupport
0x00007ff823141000 	/System/Library/PrivateFrameworks/Apple80211.framework/Versions/A/Apple80211
0x00007ff819a42000 	/System/Library/PrivateFrameworks/AuthKit.framework/Versions/A/AuthKit
0x00007ff81909c000 	/System/Library/PrivateFrameworks/CoreUtils.framework/Versions/A/CoreUtils
0x00007ff818fc3000 	/System/Library/Frameworks/CoreWLAN.framework/Versions/A/CoreWLAN
0x00007ff81ddfb000 	/System/Library/Frameworks/IOBluetooth.framework/Versions/A/IOBluetooth
0x00007ff8231a9000 	/System/Library/PrivateFrameworks/CoreWiFi.framework/Versions/A/CoreWiFi
0x00007ff821bd6000 	/System/Library/PrivateFrameworks/FrontBoardServices.framework/Versions/A/FrontBoardServices
0x00007ff821c68000 	/System/Library/PrivateFrameworks/BoardServices.framework/Versions/A/BoardServices
0x00007ff8192b6000 	/System/Library/PrivateFrameworks/AssertionServices.framework/Versions/A/AssertionServices
0x00007ff82332d000 	/System/Library/PrivateFrameworks/BackBoardServices.framework/Versions/A/BackBoardServices
0x00007ff81d1ff000 	/System/Library/PrivateFrameworks/CorePhoneNumbers.framework/Versions/A/CorePhoneNumbers
0x00007ff820ed4000 	/System/Library/PrivateFrameworks/DiskManagement.framework/Versions/A/DiskManagement
0x00007ff820de8000 	/System/Library/PrivateFrameworks/AppleIDAuthSupport.framework/Versions/A/AppleIDAuthSupport
0x00007ffa2d82c000 	/System/Library/PrivateFrameworks/AAAFoundation.framework/Versions/A/AAAFoundation
0x00007ff81d1e0000 	/System/Library/PrivateFrameworks/KeychainCircle.framework/Versions/A/KeychainCircle
0x00007ff820ea0000 	/System/Library/PrivateFrameworks/MediaKit.framework/Versions/A/MediaKit
0x00007ff820df4000 	/System/Library/Frameworks/DiscRecording.framework/Versions/A/DiscRecording
0x00007ff81a898000 	/usr/lib/libCoreStorage.dylib
0x00007ff82361c000 	/usr/lib/libcsfde.dylib
0x00007ff81dec8000 	/System/Library/PrivateFrameworks/ProtectedCloudStorage.framework/Versions/A/ProtectedCloudStorage
0x00007ff823618000 	/System/Library/PrivateFrameworks/EFILogin.framework/Versions/A/EFILogin
0x00007ff821550000 	/System/Library/PrivateFrameworks/OctagonTrust.framework/Versions/A/OctagonTrust
0x00007ffb11f49000 	/System/Library/PrivateFrameworks/CoreUtilsExtras.framework/Versions/A/CoreUtilsExtras
0x00007ff820d2a000 	/System/Library/Frameworks/CoreBluetooth.framework/Versions/A/CoreBluetooth
0x00007ff823c92000 	/System/Library/Frameworks/AudioUnit.framework/Versions/A/AudioUnit
0x00007ff81a890000 	/usr/lib/libMatch.1.dylib
0x00007ff918c2b000 	/System/Library/Frameworks/Accelerate.framework/Versions/A/Frameworks/vImage.framework/Versions/A/Libraries/libCGInterfaces.dylib
0x000000012e651000 	/usr/lib/libobjc-trampolines.dylib
0x00007ff816587000 	/System/Library/PrivateFrameworks/ViewBridge.framework/Versions/A/ViewBridge
0x00007ff81afed000 	/System/Library/PrivateFrameworks/login.framework/Versions/A/login
0x00007ffb24b40000 	/usr/lib/libRosetta.dylib
0x00000001318b2000 	/Users/dalin/.openjfx/cache/11/libjavafx_font.dylib
0x0000000131d02000 	/System/Library/Frameworks/FileProvider.framework/OverrideBundles/CloudDocsFileProvider.bundle/Contents/MacOS/CloudDocsFileProvider
0x00007ff816a89000 	/System/Library/PrivateFrameworks/CloudDocs.framework/Versions/A/CloudDocs
0x00007ff82393a000 	/System/Library/PrivateFrameworks/AppleAccount.framework/Versions/A/AppleAccount
0x00007ff81deaf000 	/System/Library/PrivateFrameworks/AppContainer.framework/Versions/A/AppContainer
0x00007ff81d972000 	/System/Library/PrivateFrameworks/IDS.framework/Versions/A/IDS
0x00007ff823a8f000 	/System/Library/PrivateFrameworks/AppleIDSSOAuthentication.framework/Versions/A/AppleIDSSOAuthentication
0x00007ff816864000 	/System/Library/PrivateFrameworks/ApplePushService.framework/Versions/A/ApplePushService
0x00007ff82369c000 	/System/Library/PrivateFrameworks/AppSupport.framework/Versions/A/AppSupport
0x00007ff81c7a6000 	/System/Library/PrivateFrameworks/IMFoundation.framework/Versions/A/IMFoundation
0x00007ff90f99f000 	/System/Library/PrivateFrameworks/Marco.framework/Versions/A/Marco
0x00007ff81dae6000 	/System/Library/PrivateFrameworks/IDSFoundation.framework/Versions/A/IDSFoundation
0x00007ff8155f4000 	/System/Library/PrivateFrameworks/CommonUtilities.framework/Versions/A/CommonUtilities
0x00007ff9143f7000 	/System/Library/PrivateFrameworks/FTServices.framework/Versions/A/FTServices
0x00007ff827492000 	/System/Library/PrivateFrameworks/Engram.framework/Versions/A/Engram
0x00007ff827439000 	/usr/lib/libtidy.A.dylib
0x00007ff81b19f000 	/System/Library/PrivateFrameworks/Bom.framework/Versions/A/Bom
0x00007ff81a75a000 	/System/Library/PrivateFrameworks/CrashReporterSupport.framework/Versions/A/CrashReporterSupport
0x00007ff91e46e000 	/System/Library/PrivateFrameworks/FTAWD.framework/Versions/A/FTAWD
0x00007ff920598000 	/System/Library/PrivateFrameworks/OSAnalytics.framework/Versions/A/OSAnalytics
0x00007ff92b531000 	/System/Library/PrivateFrameworks/Symbolication.framework/Versions/A/Symbolication
0x00007ff9147b9000 	/System/Library/PrivateFrameworks/MallocStackLogging.framework/Versions/A/MallocStackLogging
0x00007ff82029b000 	/System/Library/PrivateFrameworks/CoreDaemon.framework/Versions/B/CoreDaemon
0x00007ff820296000 	/System/Library/PrivateFrameworks/AppleSRP.framework/Versions/A/AppleSRP
0x00007ff81935e000 	/System/Library/Frameworks/ServiceManagement.framework/Versions/A/ServiceManagement
0x00007ff81dec4000 	/System/Library/PrivateFrameworks/SecCodeWrapper.framework/Versions/A/SecCodeWrapper
0x0000000131cd8000 	/System/Library/Frameworks/FileProvider.framework/OverrideBundles/FileProviderOverride.bundle/Contents/MacOS/FileProviderOverride
0x0000000131d9c000 	/System/Library/Frameworks/FileProvider.framework/OverrideBundles/FinderSyncCollaborationFileProviderOverride.bundle/Contents/MacOS/FinderSyncCollaborationFileProviderOverride
0x00007ff924bdc000 	/System/Library/PrivateFrameworks/FinderSyncPriv.framework/Versions/A/FinderSyncPriv
0x00007ff8168b4000 	/System/Library/Frameworks/CloudKit.framework/Versions/A/CloudKit
0x00007ff823d40000 	/System/Library/PrivateFrameworks/C2.framework/Versions/A/C2
0x00007ff81782a000 	/System/Library/Frameworks/CoreLocation.framework/Versions/A/CoreLocation
0x00007ff823d38000 	/System/Library/Frameworks/PushKit.framework/Versions/A/PushKit
0x00007ff8220f2000 	/System/Library/PrivateFrameworks/CoreTime.framework/Versions/A/CoreTime
0x00007ff82582f000 	/System/Library/PrivateFrameworks/RTCReporting.framework/Versions/A/RTCReporting
0x00007ff81e18e000 	/System/Library/PrivateFrameworks/GeoServices.framework/Versions/A/GeoServices
0x00007ff81c819000 	/System/Library/PrivateFrameworks/LocationSupport.framework/Versions/A/LocationSupport
0x00007ffb13411000 	/System/Library/PrivateFrameworks/GeoServicesCore.framework/Versions/A/GeoServicesCore
0x00007ff91019c000 	/System/Library/PrivateFrameworks/PhoneNumbers.framework/Versions/A/PhoneNumbers
0x00007ff8235a1000 	/System/Library/PrivateFrameworks/RemoteServiceDiscovery.framework/Versions/A/RemoteServiceDiscovery
0x00007ff91279a000 	/usr/lib/libFosl_dynamic.dylib
0x00007ff9184b9000 	/usr/lib/libncurses.5.4.dylib
0x00007ffa192d3000 	/System/Library/Extensions/AppleIntelKBLGraphicsMTLDriver.bundle/Contents/MacOS/AppleIntelKBLGraphicsMTLDriver
0x00007ff9147f7000 	/System/Library/PrivateFrameworks/GPURawCounter.framework/Versions/A/GPURawCounter


VM Arguments:
jvm_args: -Dfile.encoding=UTF-8 -Duser.country=SG -Duser.language=en -Duser.variant 
java_command: seedu.address.Main
java_class_path (initial): /Users/dalin/Desktop/tp/build/classes/java/main:/Users/dalin/Desktop/tp/build/resources/main:/Users/dalin/.gradle/caches/modules-2/files-2.1/org.openjfx/javafx-fxml/11/d5ff9262ef49d166db658d15f37e3ecff38fde4b/javafx-fxml-11-win.jar:/Users/dalin/.gradle/caches/modules-2/files-2.1/org.openjfx/javafx-fxml/11/e0f5bb81e21054b59f2ebfa727d40a90ee0260d3/javafx-fxml-11-mac.jar:/Users/dalin/.gradle/caches/modules-2/files-2.1/org.openjfx/javafx-fxml/11/e7a757b580fc3e2e1a121768606c7836eef418c/javafx-fxml-11-linux.jar:/Users/dalin/.gradle/caches/modules-2/files-2.1/org.openjfx/javafx-controls/11/af8d24de44e16a19ae959028eb23a48c145fb682/javafx-controls-11-win.jar:/Users/dalin/.gradle/caches/modules-2/files-2.1/org.openjfx/javafx-controls/11/e3a24a14e8732abc6dc173f15872dc63e2a32e16/javafx-controls-11-mac.jar:/Users/dalin/.gradle/caches/modules-2/files-2.1/org.openjfx/javafx-controls/11/794488e3b1f4635d9a1b842bdc872a5eb8fd54ca/javafx-controls-11-linux.jar:/Users/dalin/.gradle/caches/modules-2/files-2.1/org.openjfx/javafx-controls/11/58d961774262ec972bf304e16c154a8e18c2050b/javafx-controls-11.jar:/Users/dalin/.gradle/caches/modules-2/files-2.1/org.openjfx/javafx-graphics/11/9345c7ea43dbcc73a62eca5332717b4ce617e6c6/javafx-graphics-11-win.jar:/Users/dalin/.gradle/caches/modules-2/files-2.1/org.openjfx/javafx-graphics/11/af47a6d3668d3ce1c61e1fe13c44471b6f8d469/javafx-graphics-11-mac.jar:/Users/dalin/.gradle/caches/modules-2/files-2.1/org.openjfx/javafx-graphics/11/4ab9edd8d481a420044c473fdb5718ccdd35c836/javafx-graphics-11-linux.jar:/Users/dalin/.gradle/caches/modules-2/files-2.1/org.openjfx/javafx-graphics/11/a736dd079047ec0b72b8c4970842a5c5e0c19f2f/javafx-graphics-11.jar:/Users/dalin/.gradle/caches/modules-2/files-2.1/org.openjfx/javafx-base/11/ad3a4acfaa28b484d30c40c1f009445cc3f6e68b/javafx-base-11-win.jar:/Users/dalin/.gradle/caches/modules-2/files-2.1/org.openjfx/javafx-base/11/4b060dad0affd866df9d959e064faa8a1a2f4af0/javafx-base-11-mac.jar:/Users/dali
Launcher Type: SUN_STANDARD

[Global flags]
     intx CICompilerCount                          = 4                                         {product} {ergonomic}
     uint ConcGCThreads                            = 2                                         {product} {ergonomic}
     uint G1ConcRefinementThreads                  = 8                                         {product} {ergonomic}
   size_t G1HeapRegionSize                         = 1048576                                   {product} {ergonomic}
    uintx GCDrainStackTargetSize                   = 64                                        {product} {ergonomic}
   size_t InitialHeapSize                          = 134217728                                 {product} {ergonomic}
   size_t MarkStackSize                            = 4194304                                   {product} {ergonomic}
   size_t MaxHeapSize                              = 2147483648                                {product} {ergonomic}
   size_t MaxNewSize                               = 1287651328                                {product} {ergonomic}
   size_t MinHeapDeltaBytes                        = 1048576                                   {product} {ergonomic}
    uintx NonNMethodCodeHeapSize                   = 5836300                                {pd product} {ergonomic}
    uintx NonProfiledCodeHeapSize                  = 122910970                              {pd product} {ergonomic}
    uintx ProfiledCodeHeapSize                     = 122910970                              {pd product} {ergonomic}
    uintx ReservedCodeCacheSize                    = 251658240                              {pd product} {ergonomic}
     bool SegmentedCodeCache                       = true                                      {product} {ergonomic}
     bool UseCompressedClassPointers               = true                                 {lp64_product} {ergonomic}
     bool UseCompressedOops                        = true                                 {lp64_product} {ergonomic}
     bool UseG1GC                                  = true                                      {product} {ergonomic}

Logging:
Log output configuration:
 #0: stdout all=warning uptime,level,tags
 #1: stderr all=off uptime,level,tags

Environment Variables:
PATH=/Users/dalin/opt/anaconda3/bin:/Users/dalin/opt/anaconda3/condabin:/usr/local/bin:/usr/bin:/bin:/usr/sbin:/sbin:/opt/X11/bin:/usr/local/mysql/bin
SHELL=/bin/zsh
DISPLAY=/private/tmp/com.apple.launchd.POpErobGnb/org.macosforge.xquartz:0

Signal Handlers:
SIGSEGV: [libjvm.dylib+0x7577d8], sa_mask[0]=11111111011111110111111111111111, sa_flags=SA_ONSTACK|SA_RESTART|SA_SIGINFO
SIGBUS: [libjvm.dylib+0x7577d8], sa_mask[0]=11111111011111110111111111111111, sa_flags=SA_RESTART|SA_SIGINFO
SIGFPE: [libjvm.dylib+0x7577d8], sa_mask[0]=11111111011111110111111111111111, sa_flags=SA_RESTART|SA_SIGINFO
SIGPIPE: [libjvm.dylib+0x5fbe5c], sa_mask[0]=11111111011111110111111111111111, sa_flags=SA_RESTART|SA_SIGINFO
SIGXFSZ: [libjvm.dylib+0x5fbe5c], sa_mask[0]=11111111011111110111111111111111, sa_flags=SA_RESTART|SA_SIGINFO
SIGILL: [libjvm.dylib+0x7577d8], sa_mask[0]=11111111011111110111111111111111, sa_flags=SA_RESTART|SA_SIGINFO
SIGUSR2: [libjvm.dylib+0x5fc45a], sa_mask[0]=00100000000000000000000000000000, sa_flags=SA_RESTART|SA_SIGINFO
SIGHUP: [libjvm.dylib+0x5faf37], sa_mask[0]=11111111011111110111111111111111, sa_flags=SA_RESTART|SA_SIGINFO
SIGINT: [libjvm.dylib+0x5faf37], sa_mask[0]=11111111011111110111111111111111, sa_flags=SA_RESTART|SA_SIGINFO
SIGTERM: [libjvm.dylib+0x5faf37], sa_mask[0]=11111111011111110111111111111111, sa_flags=SA_RESTART|SA_SIGINFO
SIGQUIT: [libjvm.dylib+0x5faf37], sa_mask[0]=11111111011111110111111111111111, sa_flags=SA_RESTART|SA_SIGINFO


---------------  S Y S T E M  ---------------

OS:uname:Darwin 21.2.0 Darwin Kernel Version 21.2.0: Sun Nov 28 20:28:54 PST 2021; root:xnu-8019.61.5~1/RELEASE_X86_64 x86_64
rlimit: STACK 8192k, CORE 0k, NPROC 1392, NOFILE 10240, AS infinity, DATA infinity, FSIZE infinity
load average:20.03 11.92 7.69

CPU:total 8 (initial active 8) (4 cores per cpu, 2 threads per core) family 6 model 142 stepping 10, cmov, cx8, fxsr, mmx, sse, sse2, sse3, ssse3, sse4.1, sse4.2, popcnt, avx, avx2, aes, clmul, erms, 3dnowpref, lzcnt, ht, tsc, tscinvbit, bmi1, bmi2, adx, fma

Memory: 4k page, physical 8388608k(59700k free), swap 11534336k(315136k free)

vm_info: OpenJDK 64-Bit Server VM (11.0.5+10-LTS) for bsd-amd64 JRE (11.0.5+10-LTS), built on Nov 12 2019 17:01:34 by "root" with gcc 4.2.1 Compatible Apple LLVM 8.0.0 (clang-800.0.42.1)

END.
